[0824/094822.456:ERROR:process_memory_win.cc(73)] ReadMemory at 0x7ff7e41a0000 of 64 bytes failed: Запрос ReadProcessMemory или WriteProcessMemory был выполнен только частично. (0x12B)
[0824/094822.460:WARNING:pe_image_reader.cc(340)] could not read dos header from C:\Program Files (x86)\Google\Chrome\Application\chrome.exe
[0824/094822.460:ERROR:process_memory_win.cc(73)] ReadMemory at 0x7ff89d9b0000 of 64 bytes failed: Запрос ReadProcessMemory или WriteProcessMemory был выполнен только частично. (0x12B)
[0824/094822.460:WARNING:pe_image_reader.cc(340)] could not read dos header from C:\WINDOWS\SYSTEM32\ntdll.dll
[0824/094822.460:ERROR:process_memory_win.cc(73)] ReadMemory at 0x7ff89d070000 of 64 bytes failed: Запрос ReadProcessMemory или WriteProcessMemory был выполнен только частично. (0x12B)
[0824/094822.460:WARNING:pe_image_reader.cc(340)] could not read dos header from C:\WINDOWS\System32\KERNEL32.dll
[0824/094822.460:ERROR:process_memory_win.cc(73)] ReadMemory at 0x7ff89b650000 of 64 bytes failed: Запрос ReadProcessMemory или WriteProcessMemory был выполнен только частично. (0x12B)
[0824/094822.460:WARNING:pe_image_reader.cc(340)] could not read dos header from C:\WINDOWS\System32\KERNELBASE.dll
[0824/094822.460:ERROR:process_memory_win.cc(73)] ReadMemory at 0x7ff8673e0000 of 64 bytes failed: Запрос ReadProcessMemory или WriteProcessMemory был выполнен только частично. (0x12B)
[0824/094822.460:WARNING:pe_image_reader.cc(340)] could not read dos header from C:\Program Files (x86)\Google\Chrome\Application\84.0.4147.135\chrome_elf.dll
[0824/094822.460:ERROR:process_memory_win.cc(73)] ReadMemory at 0x7ff892ed0000 of 64 bytes failed: Запрос ReadProcessMemory или WriteProcessMemory был выполнен только частично. (0x12B)
[0824/094822.460:WARNING:pe_image_reader.cc(340)] could not read dos header from C:\WINDOWS\SYSTEM32\VERSION.dll
[0824/094822.460:ERROR:process_memory_win.cc(73)] ReadMemory at 0x7ff89cb20000 of 64 bytes failed: Запрос ReadProcessMemory или WriteProcessMemory был выполнен только частично. (0x12B)
[0824/094822.460:WARNING:pe_image_reader.cc(340)] could not read dos header from C:\WINDOWS\System32\msvcrt.dll
[0824/094822.460:ERROR:process_memory_win.cc(73)] ReadMemory at 0x7ff89ca20000 of 64 bytes failed: Запрос ReadProcessMemory или WriteProcessMemory был выполнен только частично. (0x12B)
[0824/094822.460:WARNING:pe_image_reader.cc(340)] could not read dos header from C:\WINDOWS\System32\ADVAPI32.dll
[0824/094822.460:ERROR:process_memory_win.cc(73)] ReadMemory at 0x7ff89bca0000 of 64 bytes failed: Запрос ReadProcessMemory или WriteProcessMemory был выполнен только частично. (0x12B)
[0824/094822.460:WARNING:pe_image_reader.cc(340)] could not read dos header from C:\WINDOWS\System32\sechost.dll
[0824/094822.460:ERROR:process_memory_win.cc(73)] ReadMemory at 0x7ff89be80000 of 64 bytes failed: Запрос ReadProcessMemory или WriteProcessMemory был выполнен только частично. (0x12B)
[0824/094822.460:WARNING:pe_image_reader.cc(340)] could not read dos header from C:\WINDOWS\System32\RPCRT4.dll
[0824/094822.460:ERROR:process_memory_win.cc(73)] ReadMemory at 0x7ff839e90000 of 64 bytes failed: Запрос ReadProcessMemory или WriteProcessMemory был выполнен только частично. (0x12B)
[0824/094822.460:WARNING:pe_image_reader.cc(340)] could not read dos header from C:\Program Files (x86)\Google\Chrome\Application\84.0.4147.135\chrome.dll
[0824/094822.460:ERROR:process_memory_win.cc(73)] ReadMemory at 0x7ff89cf20000 of 64 bytes failed: Запрос ReadProcessMemory или WriteProcessMemory был выполнен только частично. (0x12B)
[0824/094822.460:WARNING:pe_image_reader.cc(340)] could not read dos header from C:\WINDOWS\System32\WS2_32.dll
[0824/094822.460:ERROR:process_memory_win.cc(73)] ReadMemory at 0x7ff89bb10000 of 64 bytes failed: Запрос ReadProcessMemory или WriteProcessMemory был выполнен только частично. (0x12B)
[0824/094822.460:WARNING:pe_image_reader.cc(340)] could not read dos header from C:\WINDOWS\System32\OLEAUT32.dll
[0824/094822.460:ERROR:process_memory_win.cc(73)] ReadMemory at 0x7ff89b2b0000 of 64 bytes failed: Запрос ReadProcessMemory или WriteProcessMemory был выполнен только частично. (0x12B)
[0824/094822.460:WARNING:pe_image_reader.cc(340)] could not read dos header from C:\WINDOWS\System32\msvcp_win.dll
[0824/094822.460:ERROR:process_memory_win.cc(73)] ReadMemory at 0x7ff89b100000 of 64 bytes failed: Запрос ReadProcessMemory или WriteProcessMemory был выполнен только частично. (0x12B)
[0824/094822.460:WARNING:pe_image_reader.cc(340)] could not read dos header from C:\WINDOWS\System32\ucrtbase.dll
[0824/094822.460:ERROR:process_memory_win.cc(73)] ReadMemory at 0x7ff89cbc0000 of 64 bytes failed: Запрос ReadProcessMemory или WriteProcessMemory был выполнен только частично. (0x12B)
[0824/094822.460:WARNING:pe_image_reader.cc(340)] could not read dos header from C:\WINDOWS\System32\combase.dll
[0824/094822.460:ERROR:process_memory_win.cc(73)] ReadMemory at 0x7ff89b490000 of 64 bytes failed: Запрос ReadProcessMemory или WriteProcessMemory был выполнен только частично. (0x12B)
[0824/094822.460:WARNING:pe_image_reader.cc(340)] could not read dos header from C:\WINDOWS\System32\WINTRUST.dll
[0824/094822.460:ERROR:process_memory_win.cc(73)] ReadMemory at 0x7ff89b4f0000 of 64 bytes failed: Запрос ReadProcessMemory или WriteProcessMemory был выполнен только частично. (0x12B)
[0824/094822.460:WARNING:pe_image_reader.cc(340)] could not read dos header from C:\WINDOWS\System32\CRYPT32.dll
[0824/094822.460:ERROR:process_memory_win.cc(73)] ReadMemory at 0x7ff89a520000 of 64 bytes failed: Запрос ReadProcessMemory или WriteProcessMemory был выполнен только частично. (0x12B)
[0824/094822.460:WARNING:pe_image_reader.cc(340)] could not read dos header from C:\WINDOWS\SYSTEM32\IPHLPAPI.DLL
[0824/094822.460:ERROR:process_memory_win.cc(73)] ReadMemory at 0x7ff88e6a0000 of 64 bytes failed: Запрос ReadProcessMemory или WriteProcessMemory был выполнен только частично. (0x12B)
[0824/094822.460:WARNING:pe_image_reader.cc(340)] could not read dos header from C:\WINDOWS\SYSTEM32\WINMM.dll
[0824/094822.460:ERROR:process_memory_win.cc(73)] ReadMemory at 0x7ff889e30000 of 64 bytes failed: Запрос ReadProcessMemory или WriteProcessMemory был выполнен только частично. (0x12B)
[0824/094822.460:WARNING:pe_image_reader.cc(340)] could not read dos header from C:\WINDOWS\SYSTEM32\Secur32.dll
[0824/094822.460:ERROR:process_memory_win.cc(73)] ReadMemory at 0x7ff89afc0000 of 64 bytes failed: Запрос ReadProcessMemory или WriteProcessMemory был выполнен только частично. (0x12B)
[0824/094822.460:WARNING:pe_image_reader.cc(340)] could not read dos header from C:\WINDOWS\SYSTEM32\USERENV.dll
[0824/094822.460:ERROR:process_memory_win.cc(73)] ReadMemory at 0x7ff87a290000 of 64 bytes failed: Запрос ReadProcessMemory или WriteProcessMemory был выполнен только частично. (0x12B)
[0824/094822.464:WARNING:pe_image_reader.cc(340)] could not read dos header from C:\WINDOWS\SYSTEM32\UIAutomationCore.DLL
[0824/094822.464:ERROR:process_memory_win.cc(73)] ReadMemory at 0x7ff894f50000 of 64 bytes failed: Запрос ReadProcessMemory или WriteProcessMemory был выполнен только частично. (0x12B)
[0824/094822.464:WARNING:pe_image_reader.cc(340)] could not read dos header from C:\WINDOWS\SYSTEM32\DWrite.dll
[0824/094822.464:ERROR:process_memory_win.cc(73)] ReadMemory at 0x7ff8799b0000 of 64 bytes failed: Запрос ReadProcessMemory или WriteProcessMemory был выполнен только частично. (0x12B)
[0824/094822.464:WARNING:pe_image_reader.cc(340)] could not read dos header from C:\WINDOWS\SYSTEM32\WINSPOOL.DRV
[0824/094822.464:ERROR:process_memory_win.cc(73)] ReadMemory at 0x7ff892a50000 of 64 bytes failed: Запрос ReadProcessMemory или WriteProcessMemory был выполнен только частично. (0x12B)
[0824/094822.464:WARNING:pe_image_reader.cc(340)] could not read dos header from C:\WINDOWS\SYSTEM32\dbghelp.dll
[0824/094822.464:ERROR:process_memory_win.cc(73)] ReadMemory at 0x7ff88b510000 of 64 bytes failed: Запрос ReadProcessMemory или WriteProcessMemory был выполнен только частично. (0x12B)
[0824/094822.464:WARNING:pe_image_reader.cc(340)] could not read dos header from C:\WINDOWS\SYSTEM32\WINHTTP.dll
[0824/094822.464:ERROR:process_memory_win.cc(73)] ReadMemory at 0x7ff893b30000 of 64 bytes failed: Запрос ReadProcessMemory или WriteProcessMemory был выполнен только частично. (0x12B)
[0824/094822.464:WARNING:pe_image_reader.cc(340)] could not read dos header from C:\WINDOWS\SYSTEM32\dhcpcsvc.DLL
[0824/094822.464:ERROR:process_memory_win.cc(73)] ReadMemory at 0x7ff896e90000 of 64 bytes failed: Запрос ReadProcessMemory или WriteProcessMemory был выполнен только частично. (0x12B)
[0824/094822.464:WARNING:pe_image_reader.cc(340)] could not read dos header from C:\WINDOWS\SYSTEM32\PROPSYS.dll
[0824/094822.464:ERROR:process_memory_win.cc(73)] ReadMemory at 0x7ff89aff0000 of 64 bytes failed: Запрос ReadProcessMemory или WriteProcessMemory был выполнен только частично. (0x12B)
[0824/094822.464:WARNING:pe_image_reader.cc(340)] could not read dos header from C:\WINDOWS\SYSTEM32\SSPICLI.DLL
[0824/094822.464:ERROR:process_memory_win.cc(73)] ReadMemory at 0x7ff89ac90000 of 64 bytes failed: Запрос ReadProcessMemory или WriteProcessMemory был выполнен только частично. (0x12B)
[0824/094822.464:WARNING:pe_image_reader.cc(340)] could not read dos header from C:\WINDOWS\System32\MSASN1.dll
[0824/094822.464:ERROR:process_memory_win.cc(73)] ReadMemory at 0x7ff89b950000 of 64 bytes failed: Запрос ReadProcessMemory или WriteProcessMemory был выполнен только частично. (0x12B)
[0824/094822.464:WARNING:pe_image_reader.cc(340)] could not read dos header from C:\WINDOWS\System32\bcryptPrimitives.dll
[0824/094822.464:ERROR:process_memory_win.cc(73)] ReadMemory at 0x7ff89c160000 of 64 bytes failed: Запрос ReadProcessMemory или WriteProcessMemory был выполнен только частично. (0x12B)
[0824/094822.464:WARNING:pe_image_reader.cc(340)] could not read dos header from C:\WINDOWS\System32\ole32.dll
[0824/094822.464:ERROR:process_memory_win.cc(73)] ReadMemory at 0x7ff89cad0000 of 64 bytes failed: Запрос ReadProcessMemory или WriteProcessMemory был выполнен только частично. (0x12B)
[0824/094822.464:WARNING:pe_image_reader.cc(340)] could not read dos header from C:\WINDOWS\System32\GDI32.dll
[0824/094822.464:ERROR:process_memory_win.cc(73)] ReadMemory at 0x7ff89b350000 of 64 bytes failed: Запрос ReadProcessMemory или WriteProcessMemory был выполнен только частично. (0x12B)
[0824/094822.464:WARNING:pe_image_reader.cc(340)] could not read dos header from C:\WINDOWS\System32\win32u.dll
[0824/094822.464:ERROR:process_memory_win.cc(73)] ReadMemory at 0x7ff89b380000 of 64 bytes failed: Запрос ReadProcessMemory или WriteProcessMemory был выполнен только частично. (0x12B)
[0824/094822.464:WARNING:pe_image_reader.cc(340)] could not read dos header from C:\WINDOWS\System32\gdi32full.dll
[0824/094822.464:ERROR:process_memory_win.cc(73)] ReadMemory at 0x7ff89c290000 of 64 bytes failed: Запрос ReadProcessMemory или WriteProcessMemory был выполнен только частично. (0x12B)
[0824/094822.464:WARNING:pe_image_reader.cc(340)] could not read dos header from C:\WINDOWS\System32\USER32.dll
[0824/094822.464:ERROR:process_memory_win.cc(73)] ReadMemory at 0x7ff89d130000 of 64 bytes failed: Запрос ReadProcessMemory или WriteProcessMemory был выполнен только частично. (0x12B)
[0824/094822.464:WARNING:pe_image_reader.cc(340)] could not read dos header from C:\WINDOWS\System32\IMM32.DLL
[0824/094822.464:ERROR:process_memory_win.cc(73)] ReadMemory at 0x7ff89d220000 of 64 bytes failed: Запрос ReadProcessMemory или WriteProcessMemory был выполнен только частично. (0x12B)
[0824/094822.464:WARNING:pe_image_reader.cc(340)] could not read dos header from C:\WINDOWS\System32\SHELL32.dll
[0824/094822.464:ERROR:process_memory_win.cc(73)] ReadMemory at 0x7ff899280000 of 64 bytes failed: Запрос ReadProcessMemory или WriteProcessMemory был выполнен только частично. (0x12B)
[0824/094822.464:WARNING:pe_image_reader.cc(340)] could not read dos header from C:\WINDOWS\SYSTEM32\windows.storage.dll
[0824/094822.464:ERROR:process_memory_win.cc(73)] ReadMemory at 0x7ff89ab10000 of 64 bytes failed: Запрос ReadProcessMemory или WriteProcessMemory был выполнен только частично. (0x12B)
[0824/094822.464:WARNING:pe_image_reader.cc(340)] could not read dos header from C:\WINDOWS\SYSTEM32\Wldp.dll
[0824/094822.464:ERROR:process_memory_win.cc(73)] ReadMemory at 0x7ff89bdd0000 of 64 bytes failed: Запрос ReadProcessMemory или WriteProcessMemory был выполнен только частично. (0x12B)
[0824/094822.464:WARNING:pe_image_reader.cc(340)] could not read dos header from C:\WINDOWS\System32\SHCORE.dll
[0824/094822.464:ERROR:process_memory_win.cc(73)] ReadMemory at 0x7ff89bbe0000 of 64 bytes failed: Запрос ReadProcessMemory или WriteProcessMemory был выполнен только частично. (0x12B)
[0824/094822.464:WARNING:pe_image_reader.cc(340)] could not read dos header from C:\WINDOWS\System32\shlwapi.dll
[0824/094822.464:ERROR:process_memory_win.cc(73)] ReadMemory at 0x7ff89aa20000 of 64 bytes failed: Запрос ReadProcessMemory или WriteProcessMemory был выполнен только частично. (0x12B)
[0824/094822.464:WARNING:pe_image_reader.cc(340)] could not read dos header from C:\WINDOWS\SYSTEM32\CRYPTBASE.DLL
[0824/094822.464:ERROR:process_memory_win.cc(73)] ReadMemory at 0x7ff894ab0000 of 64 bytes failed: Запрос ReadProcessMemory или WriteProcessMemory был выполнен только частично. (0x12B)
[0824/094822.464:WARNING:pe_image_reader.cc(340)] could not read dos header from C:\WINDOWS\system32\NLAapi.dll
[0824/094822.464:ERROR:process_memory_win.cc(73)] ReadMemory at 0x7ff89d960000 of 64 bytes failed: Запрос ReadProcessMemory или WriteProcessMemory был выполнен только частично. (0x12B)
[0824/094822.464:WARNING:pe_image_reader.cc(340)] could not read dos header from C:\WINDOWS\System32\NSI.dll
[0824/094822.464:ERROR:process_memory_win.cc(73)] ReadMemory at 0x7ff893690000 of 64 bytes failed: Запрос ReadProcessMemory или WriteProcessMemory был выполнен только частично. (0x12B)
[0824/094822.464:WARNING:pe_image_reader.cc(340)] could not read dos header from C:\WINDOWS\SYSTEM32\dhcpcsvc6.DLL
[0824/094822.464:ERROR:process_memory_win.cc(73)] ReadMemory at 0x7ff89a570000 of 64 bytes failed: Запрос ReadProcessMemory или WriteProcessMemory был выполнен только частично. (0x12B)
[0824/094822.464:WARNING:pe_image_reader.cc(340)] could not read dos header from C:\WINDOWS\SYSTEM32\DNSAPI.dll
[0824/094822.464:ERROR:process_memory_win.cc(73)] ReadMemory at 0x7ff893570000 of 64 bytes failed: Запрос ReadProcessMemory или WriteProcessMemory был выполнен только частично. (0x12B)
[0824/094822.468:WARNING:pe_image_reader.cc(340)] could not read dos header from C:\WINDOWS\SYSTEM32\wlanapi.dll
[0824/094822.468:ERROR:process_memory_win.cc(73)] ReadMemory at 0x7ff89b040000 of 64 bytes failed: Запрос ReadProcessMemory или WriteProcessMemory был выполнен только частично. (0x12B)
[0824/094822.468:WARNING:pe_image_reader.cc(340)] could not read dos header from C:\WINDOWS\SYSTEM32\profapi.dll
[0824/094822.468:ERROR:process_memory_win.cc(73)] ReadMemory at 0x7ff89a830000 of 64 bytes failed: Запрос ReadProcessMemory или WriteProcessMemory был выполнен только частично. (0x12B)
[0824/094822.468:WARNING:pe_image_reader.cc(340)] could not read dos header from C:\WINDOWS\system32\mswsock.dll
[0824/094822.468:ERROR:process_memory_win.cc(73)] ReadMemory at 0x7ff88b400000 of 64 bytes failed: Запрос ReadProcessMemory или WriteProcessMemory был выполнен только частично. (0x12B)
[0824/094822.468:WARNING:pe_image_reader.cc(340)] could not read dos header from C:\Windows\System32\rasadhlp.dll
[0824/094822.468:ERROR:process_memory_win.cc(73)] ReadMemory at 0x7ff88b420000 of 64 bytes failed: Запрос ReadProcessMemory или WriteProcessMemory был выполнен только частично. (0x12B)
[0824/094822.468:WARNING:pe_image_reader.cc(340)] could not read dos header from C:\WINDOWS\System32\fwpuclnt.dll
[0824/094822.468:ERROR:process_memory_win.cc(73)] ReadMemory at 0x7ff89b920000 of 64 bytes failed: Запрос ReadProcessMemory или WriteProcessMemory был выполнен только частично. (0x12B)
[0824/094822.468:WARNING:pe_image_reader.cc(340)] could not read dos header from C:\WINDOWS\System32\bcrypt.dll
[0824/094822.468:ERROR:process_memory_win.cc(73)] ReadMemory at 0x7ff89aa00000 of 64 bytes failed: Запрос ReadProcessMemory или WriteProcessMemory был выполнен только частично. (0x12B)
[0824/094822.468:WARNING:pe_image_reader.cc(340)] could not read dos header from C:\WINDOWS\System32\CRYPTSP.dll
[0824/094822.468:ERROR:process_memory_win.cc(73)] ReadMemory at 0x7ff89a1c0000 of 64 bytes failed: Запрос ReadProcessMemory или WriteProcessMemory был выполнен только частично. (0x12B)
[0824/094822.468:WARNING:pe_image_reader.cc(340)] could not read dos header from C:\WINDOWS\system32\rsaenh.dll
[0824/094822.468:ERROR:process_memory_win.cc(73)] ReadMemory at 0x7ff899a30000 of 64 bytes failed: Запрос ReadProcessMemory или WriteProcessMemory был выполнен только частично. (0x12B)
[0824/094822.468:WARNING:pe_image_reader.cc(340)] could not read dos header from C:\WINDOWS\SYSTEM32\gpapi.dll
[0824/094822.468:ERROR:process_memory_win.cc(73)] ReadMemory at 0x7ff881910000 of 64 bytes failed: Запрос ReadProcessMemory или WriteProcessMemory был выполнен только частично. (0x12B)
[0824/094822.468:WARNING:pe_image_reader.cc(340)] could not read dos header from C:\Windows\System32\cryptnet.dll
[0824/094822.468:ERROR:process_memory_win.cc(73)] ReadMemory at 0x7ff899eb0000 of 64 bytes failed: Запрос ReadProcessMemory или WriteProcessMemory был выполнен только частично. (0x12B)
[0824/094822.468:WARNING:pe_image_reader.cc(340)] could not read dos header from C:\WINDOWS\SYSTEM32\ntmarta.dll
[0824/094822.476:ERROR:process_memory_win.cc(73)] ReadMemory at 0x7ff7e41a0000 of 64 bytes failed: Запрос ReadProcessMemory или WriteProcessMemory был выполнен только частично. (0x12B)
[0824/094822.476:WARNING:pe_image_reader.cc(340)] could not read dos header from C:\Program Files (x86)\Google\Chrome\Application\chrome.exe
[0824/094822.476:ERROR:process_memory_win.cc(73)] ReadMemory at 0x7ff89d9b0000 of 64 bytes failed: Запрос ReadProcessMemory или WriteProcessMemory был выполнен только частично. (0x12B)
[0824/094822.476:WARNING:pe_image_reader.cc(340)] could not read dos header from C:\WINDOWS\SYSTEM32\ntdll.dll
[0824/094822.476:ERROR:process_memory_win.cc(73)] ReadMemory at 0x7ff89d070000 of 64 bytes failed: Запрос ReadProcessMemory или WriteProcessMemory был выполнен только частично. (0x12B)
[0824/094822.476:WARNING:pe_image_reader.cc(340)] could not read dos header from C:\WINDOWS\System32\KERNEL32.dll
[0824/094822.476:ERROR:process_memory_win.cc(73)] ReadMemory at 0x7ff89b650000 of 64 bytes failed: Запрос ReadProcessMemory или WriteProcessMemory был выполнен только частично. (0x12B)
[0824/094822.476:WARNING:pe_image_reader.cc(340)] could not read dos header from C:\WINDOWS\System32\KERNELBASE.dll
[0824/094822.476:ERROR:process_memory_win.cc(73)] ReadMemory at 0x7ff8673e0000 of 64 bytes failed: Запрос ReadProcessMemory или WriteProcessMemory был выполнен только частично. (0x12B)
[0824/094822.476:WARNING:pe_image_reader.cc(340)] could not read dos header from C:\Program Files (x86)\Google\Chrome\Application\84.0.4147.135\chrome_elf.dll
[0824/094822.476:ERROR:process_memory_win.cc(73)] ReadMemory at 0x7ff892ed0000 of 64 bytes failed: Запрос ReadProcessMemory или WriteProcessMemory был выполнен только частично. (0x12B)
[0824/094822.476:WARNING:pe_image_reader.cc(340)] could not read dos header from C:\WINDOWS\SYSTEM32\VERSION.dll
[0824/094822.476:ERROR:process_memory_win.cc(73)] ReadMemory at 0x7ff89cb20000 of 64 bytes failed: Запрос ReadProcessMemory или WriteProcessMemory был выполнен только частично. (0x12B)
[0824/094822.476:WARNING:pe_image_reader.cc(340)] could not read dos header from C:\WINDOWS\System32\msvcrt.dll
[0824/094822.476:ERROR:process_memory_win.cc(73)] ReadMemory at 0x7ff89ca20000 of 64 bytes failed: Запрос ReadProcessMemory или WriteProcessMemory был выполнен только частично. (0x12B)
[0824/094822.476:WARNING:pe_image_reader.cc(340)] could not read dos header from C:\WINDOWS\System32\ADVAPI32.dll
[0824/094822.476:ERROR:process_memory_win.cc(73)] ReadMemory at 0x7ff89bca0000 of 64 bytes failed: Запрос ReadProcessMemory или WriteProcessMemory был выполнен только частично. (0x12B)
[0824/094822.476:WARNING:pe_image_reader.cc(340)] could not read dos header from C:\WINDOWS\System32\sechost.dll
[0824/094822.476:ERROR:process_memory_win.cc(73)] ReadMemory at 0x7ff89be80000 of 64 bytes failed: Запрос ReadProcessMemory или WriteProcessMemory был выполнен только частично. (0x12B)
[0824/094822.476:WARNING:pe_image_reader.cc(340)] could not read dos header from C:\WINDOWS\System32\RPCRT4.dll
[0824/094822.476:ERROR:process_memory_win.cc(73)] ReadMemory at 0x7ff839e90000 of 64 bytes failed: Запрос ReadProcessMemory или WriteProcessMemory был выполнен только частично. (0x12B)
[0824/094822.476:WARNING:pe_image_reader.cc(340)] could not read dos header from C:\Program Files (x86)\Google\Chrome\Application\84.0.4147.135\chrome.dll
[0824/094822.476:ERROR:process_memory_win.cc(73)] ReadMemory at 0x7ff89cf20000 of 64 bytes failed: Запрос ReadProcessMemory или WriteProcessMemory был выполнен только частично. (0x12B)
[0824/094822.476:WARNING:pe_image_reader.cc(340)] could not read dos header from C:\WINDOWS\System32\WS2_32.dll
[0824/094822.476:ERROR:process_memory_win.cc(73)] ReadMemory at 0x7ff89bb10000 of 64 bytes failed: Запрос ReadProcessMemory или WriteProcessMemory был выполнен только частично. (0x12B)
[0824/094822.476:WARNING:pe_image_reader.cc(340)] could not read dos header from C:\WINDOWS\System32\OLEAUT32.dll
[0824/094822.476:ERROR:process_memory_win.cc(73)] ReadMemory at 0x7ff89b2b0000 of 64 bytes failed: Запрос ReadProcessMemory или WriteProcessMemory был выполнен только частично. (0x12B)
[0824/094822.476:WARNING:pe_image_reader.cc(340)] could not read dos header from C:\WINDOWS\System32\msvcp_win.dll
[0824/094822.476:ERROR:process_memory_win.cc(73)] ReadMemory at 0x7ff89b100000 of 64 bytes failed: Запрос ReadProcessMemory или WriteProcessMemory был выполнен только частично. (0x12B)
[0824/094822.476:WARNING:pe_image_reader.cc(340)] could not read dos header from C:\WINDOWS\System32\ucrtbase.dll
[0824/094822.476:ERROR:process_memory_win.cc(73)] ReadMemory at 0x7ff89cbc0000 of 64 bytes failed: Запрос ReadProcessMemory или WriteProcessMemory был выполнен только частично. (0x12B)
[0824/094822.476:WARNING:pe_image_reader.cc(340)] could not read dos header from C:\WINDOWS\System32\combase.dll
[0824/094822.476:ERROR:process_memory_win.cc(73)] ReadMemory at 0x7ff89b490000 of 64 bytes failed: Запрос ReadProcessMemory или WriteProcessMemory был выполнен только частично. (0x12B)
[0824/094822.476:WARNING:pe_image_reader.cc(340)] could not read dos header from C:\WINDOWS\System32\WINTRUST.dll
[0824/094822.476:ERROR:process_memory_win.cc(73)] ReadMemory at 0x7ff89b4f0000 of 64 bytes failed: Запрос ReadProcessMemory или WriteProcessMemory был выполнен только частично. (0x12B)
[0824/094822.476:WARNING:pe_image_reader.cc(340)] could not read dos header from C:\WINDOWS\System32\CRYPT32.dll
[0824/094822.476:ERROR:process_memory_win.cc(73)] ReadMemory at 0x7ff89a520000 of 64 bytes failed: Запрос ReadProcessMemory или WriteProcessMemory был выполнен только частично. (0x12B)
[0824/094822.476:WARNING:pe_image_reader.cc(340)] could not read dos header from C:\WINDOWS\SYSTEM32\IPHLPAPI.DLL
[0824/094822.476:ERROR:process_memory_win.cc(73)] ReadMemory at 0x7ff88e6a0000 of 64 bytes failed: Запрос ReadProcessMemory или WriteProcessMemory был выполнен только частично. (0x12B)
[0824/094822.476:WARNING:pe_image_reader.cc(340)] could not read dos header from C:\WINDOWS\SYSTEM32\WINMM.dll
[0824/094822.476:ERROR:process_memory_win.cc(73)] ReadMemory at 0x7ff889e30000 of 64 bytes failed: Запрос ReadProcessMemory или WriteProcessMemory был выполнен только частично. (0x12B)
[0824/094822.476:WARNING:pe_image_reader.cc(340)] could not read dos header from C:\WINDOWS\SYSTEM32\Secur32.dll
[0824/094822.476:ERROR:process_memory_win.cc(73)] ReadMemory at 0x7ff89afc0000 of 64 bytes failed: Запрос ReadProcessMemory или WriteProcessMemory был выполнен только частично. (0x12B)
[0824/094822.476:WARNING:pe_image_reader.cc(340)] could not read dos header from C:\WINDOWS\SYSTEM32\USERENV.dll
[0824/094822.476:ERROR:process_memory_win.cc(73)] ReadMemory at 0x7ff87a290000 of 64 bytes failed: Запрос ReadProcessMemory или WriteProcessMemory был выполнен только частично. (0x12B)
[0824/094822.476:WARNING:pe_image_reader.cc(340)] could not read dos header from C:\WINDOWS\SYSTEM32\UIAutomationCore.DLL
[0824/094822.476:ERROR:process_memory_win.cc(73)] ReadMemory at 0x7ff894f50000 of 64 bytes failed: Запрос ReadProcessMemory или WriteProcessMemory был выполнен только частично. (0x12B)
[0824/094822.476:WARNING:pe_image_reader.cc(340)] could not read dos header from C:\WINDOWS\SYSTEM32\DWrite.dll
[0824/094822.476:ERROR:process_memory_win.cc(73)] ReadMemory at 0x7ff8799b0000 of 64 bytes failed: Запрос ReadProcessMemory или WriteProcessMemory был выполнен только частично. (0x12B)
[0824/094822.476:WARNING:pe_image_reader.cc(340)] could not read dos header from C:\WINDOWS\SYSTEM32\WINSPOOL.DRV
[0824/094822.476:ERROR:process_memory_win.cc(73)] ReadMemory at 0x7ff892a50000 of 64 bytes failed: Запрос ReadProcessMemory или WriteProcessMemory был выполнен только частично. (0x12B)
[0824/094822.476:WARNING:pe_image_reader.cc(340)] could not read dos header from C:\WINDOWS\SYSTEM32\dbghelp.dll
[0824/094822.476:ERROR:process_memory_win.cc(73)] ReadMemory at 0x7ff88b510000 of 64 bytes failed: Запрос ReadProcessMemory или WriteProcessMemory был выполнен только частично. (0x12B)
[0824/094822.476:WARNING:pe_image_reader.cc(340)] could not read dos header from C:\WINDOWS\SYSTEM32\WINHTTP.dll
[0824/094822.476:ERROR:process_memory_win.cc(73)] ReadMemory at 0x7ff893b30000 of 64 bytes failed: Запрос ReadProcessMemory или WriteProcessMemory был выполнен только частично. (0x12B)
[0824/094822.476:WARNING:pe_image_reader.cc(340)] could not read dos header from C:\WINDOWS\SYSTEM32\dhcpcsvc.DLL
[0824/094822.476:ERROR:process_memory_win.cc(73)] ReadMemory at 0x7ff896e90000 of 64 bytes failed: Запрос ReadProcessMemory или WriteProcessMemory был выполнен только частично. (0x12B)
[0824/094822.476:WARNING:pe_image_reader.cc(340)] could not read dos header from C:\WINDOWS\SYSTEM32\PROPSYS.dll
[0824/094822.476:ERROR:process_memory_win.cc(73)] ReadMemory at 0x7ff89aff0000 of 64 bytes failed: Запрос ReadProcessMemory или WriteProcessMemory был выполнен только частично. (0x12B)
[0824/094822.476:WARNING:pe_image_reader.cc(340)] could not read dos header from C:\WINDOWS\SYSTEM32\SSPICLI.DLL
[0824/094822.476:ERROR:process_memory_win.cc(73)] ReadMemory at 0x7ff89ac90000 of 64 bytes failed: Запрос ReadProcessMemory или WriteProcessMemory был выполнен только частично. (0x12B)
[0824/094822.476:WARNING:pe_image_reader.cc(340)] could not read dos header from C:\WINDOWS\System32\MSASN1.dll
[0824/094822.476:ERROR:process_memory_win.cc(73)] ReadMemory at 0x7ff89b950000 of 64 bytes failed: Запрос ReadProcessMemory или WriteProcessMemory был выполнен только частично. (0x12B)
[0824/094822.476:WARNING:pe_image_reader.cc(340)] could not read dos header from C:\WINDOWS\System32\bcryptPrimitives.dll
[0824/094822.476:ERROR:process_memory_win.cc(73)] ReadMemory at 0x7ff89c160000 of 64 bytes failed: Запрос ReadProcessMemory или WriteProcessMemory был выполнен только частично. (0x12B)
[0824/094822.476:WARNING:pe_image_reader.cc(340)] could not read dos header from C:\WINDOWS\System32\ole32.dll
[0824/094822.480:ERROR:process_memory_win.cc(73)] ReadMemory at 0x7ff89cad0000 of 64 bytes failed: Запрос ReadProcessMemory или WriteProcessMemory был выполнен только частично. (0x12B)
[0824/094822.480:WARNING:pe_image_reader.cc(340)] could not read dos header from C:\WINDOWS\System32\GDI32.dll
[0824/094822.480:ERROR:process_memory_win.cc(73)] ReadMemory at 0x7ff89b350000 of 64 bytes failed: Запрос ReadProcessMemory или WriteProcessMemory был выполнен только частично. (0x12B)
[0824/094822.480:WARNING:pe_image_reader.cc(340)] could not read dos header from C:\WINDOWS\System32\win32u.dll
[0824/094822.480:ERROR:process_memory_win.cc(73)] ReadMemory at 0x7ff89b380000 of 64 bytes failed: Запрос ReadProcessMemory или WriteProcessMemory был выполнен только частично. (0x12B)
[0824/094822.480:WARNING:pe_image_reader.cc(340)] could not read dos header from C:\WINDOWS\System32\gdi32full.dll
[0824/094822.480:ERROR:process_memory_win.cc(73)] ReadMemory at 0x7ff89c290000 of 64 bytes failed: Запрос ReadProcessMemory или WriteProcessMemory был выполнен только частично. (0x12B)
[0824/094822.480:WARNING:pe_image_reader.cc(340)] could not read dos header from C:\WINDOWS\System32\USER32.dll
[0824/094822.480:ERROR:process_memory_win.cc(73)] ReadMemory at 0x7ff89d130000 of 64 bytes failed: Запрос ReadProcessMemory или WriteProcessMemory был выполнен только частично. (0x12B)
[0824/094822.480:WARNING:pe_image_reader.cc(340)] could not read dos header from C:\WINDOWS\System32\IMM32.DLL
[0824/094822.480:ERROR:process_memory_win.cc(73)] ReadMemory at 0x7ff89d220000 of 64 bytes failed: Запрос ReadProcessMemory или WriteProcessMemory был выполнен только частично. (0x12B)
[0824/094822.480:WARNING:pe_image_reader.cc(340)] could not read dos header from C:\WINDOWS\System32\SHELL32.dll
[0824/094822.480:ERROR:process_memory_win.cc(73)] ReadMemory at 0x7ff899280000 of 64 bytes failed: Запрос ReadProcessMemory или WriteProcessMemory был выполнен только частично. (0x12B)
[0824/094822.480:WARNING:pe_image_reader.cc(340)] could not read dos header from C:\WINDOWS\SYSTEM32\windows.storage.dll
[0824/094822.480:ERROR:process_memory_win.cc(73)] ReadMemory at 0x7ff89ab10000 of 64 bytes failed: Запрос ReadProcessMemory или WriteProcessMemory был выполнен только частично. (0x12B)
[0824/094822.480:WARNING:pe_image_reader.cc(340)] could not read dos header from C:\WINDOWS\SYSTEM32\Wldp.dll
[0824/094822.480:ERROR:process_memory_win.cc(73)] ReadMemory at 0x7ff89bdd0000 of 64 bytes failed: Запрос ReadProcessMemory или WriteProcessMemory был выполнен только частично. (0x12B)
[0824/094822.480:WARNING:pe_image_reader.cc(340)] could not read dos header from C:\WINDOWS\System32\SHCORE.dll
[0824/094822.480:ERROR:process_memory_win.cc(73)] ReadMemory at 0x7ff89bbe0000 of 64 bytes failed: Запрос ReadProcessMemory или WriteProcessMemory был выполнен только частично. (0x12B)
[0824/094822.480:WARNING:pe_image_reader.cc(340)] could not read dos header from C:\WINDOWS\System32\shlwapi.dll
[0824/094822.480:ERROR:process_memory_win.cc(73)] ReadMemory at 0x7ff89aa20000 of 64 bytes failed: Запрос ReadProcessMemory или WriteProcessMemory был выполнен только частично. (0x12B)
[0824/094822.480:WARNING:pe_image_reader.cc(340)] could not read dos header from C:\WINDOWS\SYSTEM32\CRYPTBASE.DLL
[0824/094822.480:ERROR:process_memory_win.cc(73)] ReadMemory at 0x7ff894ab0000 of 64 bytes failed: Запрос ReadProcessMemory или WriteProcessMemory был выполнен только частично. (0x12B)
[0824/094822.480:WARNING:pe_image_reader.cc(340)] could not read dos header from C:\WINDOWS\system32\NLAapi.dll
[0824/094822.480:ERROR:process_memory_win.cc(73)] ReadMemory at 0x7ff89d960000 of 64 bytes failed: Запрос ReadProcessMemory или WriteProcessMemory был выполнен только частично. (0x12B)
[0824/094822.480:WARNING:pe_image_reader.cc(340)] could not read dos header from C:\WINDOWS\System32\NSI.dll
[0824/094822.480:ERROR:process_memory_win.cc(73)] ReadMemory at 0x7ff893690000 of 64 bytes failed: Запрос ReadProcessMemory или WriteProcessMemory был выполнен только частично. (0x12B)
[0824/094822.480:WARNING:pe_image_reader.cc(340)] could not read dos header from C:\WINDOWS\SYSTEM32\dhcpcsvc6.DLL
[0824/094822.480:ERROR:process_memory_win.cc(73)] ReadMemory at 0x7ff89a570000 of 64 bytes failed: Запрос ReadProcessMemory или WriteProcessMemory был выполнен только частично. (0x12B)
[0824/094822.480:WARNING:pe_image_reader.cc(340)] could not read dos header from C:\WINDOWS\SYSTEM32\DNSAPI.dll
[0824/094822.480:ERROR:process_memory_win.cc(73)] ReadMemory at 0x7ff893570000 of 64 bytes failed: Запрос ReadProcessMemory или WriteProcessMemory был выполнен только частично. (0x12B)
[0824/094822.480:WARNING:pe_image_reader.cc(340)] could not read dos header from C:\WINDOWS\SYSTEM32\wlanapi.dll
[0824/094822.480:ERROR:process_memory_win.cc(73)] ReadMemory at 0x7ff89b040000 of 64 bytes failed: Запрос ReadProcessMemory или WriteProcessMemory был выполнен только частично. (0x12B)
[0824/094822.480:WARNING:pe_image_reader.cc(340)] could not read dos header from C:\WINDOWS\SYSTEM32\profapi.dll
[0824/094822.480:ERROR:process_memory_win.cc(73)] ReadMemory at 0x7ff89a830000 of 64 bytes failed: Запрос ReadProcessMemory или WriteProcessMemory был выполнен только частично. (0x12B)
[0824/094822.480:WARNING:pe_image_reader.cc(340)] could not read dos header from C:\WINDOWS\system32\mswsock.dll
[0824/094822.480:ERROR:process_memory_win.cc(73)] ReadMemory at 0x7ff88b400000 of 64 bytes failed: Запрос ReadProcessMemory или WriteProcessMemory был выполнен только частично. (0x12B)
[0824/094822.480:WARNING:pe_image_reader.cc(340)] could not read dos header from C:\Windows\System32\rasadhlp.dll
[0824/094822.480:ERROR:process_memory_win.cc(73)] ReadMemory at 0x7ff88b420000 of 64 bytes failed: Запрос ReadProcessMemory или WriteProcessMemory был выполнен только частично. (0x12B)
[0824/094822.480:WARNING:pe_image_reader.cc(340)] could not read dos header from C:\WINDOWS\System32\fwpuclnt.dll
[0824/094822.480:ERROR:process_memory_win.cc(73)] ReadMemory at 0x7ff89b920000 of 64 bytes failed: Запрос ReadProcessMemory или WriteProcessMemory был выполнен только частично. (0x12B)
[0824/094822.480:WARNING:pe_image_reader.cc(340)] could not read dos header from C:\WINDOWS\System32\bcrypt.dll
[0824/094822.480:ERROR:process_memory_win.cc(73)] ReadMemory at 0x7ff89aa00000 of 64 bytes failed: Запрос ReadProcessMemory или WriteProcessMemory был выполнен только частично. (0x12B)
[0824/094822.480:WARNING:pe_image_reader.cc(340)] could not read dos header from C:\WINDOWS\System32\CRYPTSP.dll
[0824/094822.480:ERROR:process_memory_win.cc(73)] ReadMemory at 0x7ff89a1c0000 of 64 bytes failed: Запрос ReadProcessMemory или WriteProcessMemory был выполнен только частично. (0x12B)
[0824/094822.480:WARNING:pe_image_reader.cc(340)] could not read dos header from C:\WINDOWS\system32\rsaenh.dll
[0824/094822.480:ERROR:process_memory_win.cc(73)] ReadMemory at 0x7ff899a30000 of 64 bytes failed: Запрос ReadProcessMemory или WriteProcessMemory был выполнен только частично. (0x12B)
[0824/094822.480:WARNING:pe_image_reader.cc(340)] could not read dos header from C:\WINDOWS\SYSTEM32\gpapi.dll
[0824/094822.480:ERROR:process_memory_win.cc(73)] ReadMemory at 0x7ff881910000 of 64 bytes failed: Запрос ReadProcessMemory или WriteProcessMemory был выполнен только частично. (0x12B)
[0824/094822.480:WARNING:pe_image_reader.cc(340)] could not read dos header from C:\Windows\System32\cryptnet.dll
[0824/094822.480:ERROR:process_memory_win.cc(73)] ReadMemory at 0x7ff899eb0000 of 64 bytes failed: Запрос ReadProcessMemory или WriteProcessMemory был выполнен только частично. (0x12B)
[0824/094822.480:WARNING:pe_image_reader.cc(340)] could not read dos header from C:\WINDOWS\SYSTEM32\ntmarta.dll
[0824/094822.480:ERROR:process_memory_win.cc(73)] ReadMemory at 0x7ff7e41a0000 of 64 bytes failed: Запрос ReadProcessMemory или WriteProcessMemory был выполнен только частично. (0x12B)
[0824/094822.480:WARNING:pe_image_reader.cc(340)] could not read dos header from C:\Program Files (x86)\Google\Chrome\Application\chrome.exe
[0824/094822.484:ERROR:process_memory_win.cc(73)] ReadMemory at 0x7ff89d9b0000 of 64 bytes failed: Запрос ReadProcessMemory или WriteProcessMemory был выполнен только частично. (0x12B)
[0824/094822.484:WARNING:pe_image_reader.cc(340)] could not read dos header from C:\WINDOWS\SYSTEM32\ntdll.dll
[0824/094822.484:ERROR:process_memory_win.cc(73)] ReadMemory at 0x7ff89d070000 of 64 bytes failed: Запрос ReadProcessMemory или WriteProcessMemory был выполнен только частично. (0x12B)
[0824/094822.484:WARNING:pe_image_reader.cc(340)] could not read dos header from C:\WINDOWS\System32\KERNEL32.dll
[0824/094822.484:ERROR:process_memory_win.cc(73)] ReadMemory at 0x7ff89b650000 of 64 bytes failed: Запрос ReadProcessMemory или WriteProcessMemory был выполнен только частично. (0x12B)
[0824/094822.484:WARNING:pe_image_reader.cc(340)] could not read dos header from C:\WINDOWS\System32\KERNELBASE.dll
[0824/094822.484:ERROR:process_memory_win.cc(73)] ReadMemory at 0x7ff8673e0000 of 64 bytes failed: Запрос ReadProcessMemory или WriteProcessMemory был выполнен только частично. (0x12B)
[0824/094822.484:WARNING:pe_image_reader.cc(340)] could not read dos header from C:\Program Files (x86)\Google\Chrome\Application\84.0.4147.135\chrome_elf.dll
[0824/094822.484:ERROR:process_memory_win.cc(73)] ReadMemory at 0x7ff892ed0000 of 64 bytes failed: Запрос ReadProcessMemory или WriteProcessMemory был выполнен только частично. (0x12B)
[0824/094822.484:WARNING:pe_image_reader.cc(340)] could not read dos header from C:\WINDOWS\SYSTEM32\VERSION.dll
[0824/094822.484:ERROR:process_memory_win.cc(73)] ReadMemory at 0x7ff89cb20000 of 64 bytes failed: Запрос ReadProcessMemory или WriteProcessMemory был выполнен только частично. (0x12B)
[0824/094822.484:WARNING:pe_image_reader.cc(340)] could not read dos header from C:\WINDOWS\System32\msvcrt.dll
[0824/094822.484:ERROR:process_memory_win.cc(73)] ReadMemory at 0x7ff89ca20000 of 64 bytes failed: Запрос ReadProcessMemory или WriteProcessMemory был выполнен только частично. (0x12B)
[0824/094822.484:WARNING:pe_image_reader.cc(340)] could not read dos header from C:\WINDOWS\System32\ADVAPI32.dll
[0824/094822.484:ERROR:process_memory_win.cc(73)] ReadMemory at 0x7ff89bca0000 of 64 bytes failed: Запрос ReadProcessMemory или WriteProcessMemory был выполнен только частично. (0x12B)
[0824/094822.484:WARNING:pe_image_reader.cc(340)] could not read dos header from C:\WINDOWS\System32\sechost.dll
[0824/094822.484:ERROR:process_memory_win.cc(73)] ReadMemory at 0x7ff89be80000 of 64 bytes failed: Запрос ReadProcessMemory или WriteProcessMemory был выполнен только частично. (0x12B)
[0824/094822.484:WARNING:pe_image_reader.cc(340)] could not read dos header from C:\WINDOWS\System32\RPCRT4.dll
[0824/094822.484:ERROR:process_memory_win.cc(73)] ReadMemory at 0x7ff839e90000 of 64 bytes failed: Запрос ReadProcessMemory или WriteProcessMemory был выполнен только частично. (0x12B)
[0824/094822.484:WARNING:pe_image_reader.cc(340)] could not read dos header from C:\Program Files (x86)\Google\Chrome\Application\84.0.4147.135\chrome.dll
[0824/094822.484:ERROR:process_memory_win.cc(73)] ReadMemory at 0x7ff89cf20000 of 64 bytes failed: Запрос ReadProcessMemory или WriteProcessMemory был выполнен только частично. (0x12B)
[0824/094822.484:WARNING:pe_image_reader.cc(340)] could not read dos header from C:\WINDOWS\System32\WS2_32.dll
[0824/094822.484:ERROR:process_memory_win.cc(73)] ReadMemory at 0x7ff89bb10000 of 64 bytes failed: Запрос ReadProcessMemory или WriteProcessMemory был выполнен только частично. (0x12B)
[0824/094822.484:WARNING:pe_image_reader.cc(340)] could not read dos header from C:\WINDOWS\System32\OLEAUT32.dll
[0824/094822.484:ERROR:process_memory_win.cc(73)] ReadMemory at 0x7ff89b2b0000 of 64 bytes failed: Запрос ReadProcessMemory или WriteProcessMemory был выполнен только частично. (0x12B)
[0824/094822.484:WARNING:pe_image_reader.cc(340)] could not read dos header from C:\WINDOWS\System32\msvcp_win.dll
[0824/094822.484:ERROR:process_memory_win.cc(73)] ReadMemory at 0x7ff89b100000 of 64 bytes failed: Запрос ReadProcessMemory или WriteProcessMemory был выполнен только частично. (0x12B)
[0824/094822.484:WARNING:pe_image_reader.cc(340)] could not read dos header from C:\WINDOWS\System32\ucrtbase.dll
[0824/094822.484:ERROR:process_memory_win.cc(73)] ReadMemory at 0x7ff89cbc0000 of 64 bytes failed: Запрос ReadProcessMemory или WriteProcessMemory был выполнен только частично. (0x12B)
[0824/094822.484:WARNING:pe_image_reader.cc(340)] could not read dos header from C:\WINDOWS\System32\combase.dll
[0824/094822.484:ERROR:process_memory_win.cc(73)] ReadMemory at 0x7ff89b490000 of 64 bytes failed: Запрос ReadProcessMemory или WriteProcessMemory был выполнен только частично. (0x12B)
[0824/094822.484:WARNING:pe_image_reader.cc(340)] could not read dos header from C:\WINDOWS\System32\WINTRUST.dll
[0824/094822.484:ERROR:process_memory_win.cc(73)] ReadMemory at 0x7ff89b4f0000 of 64 bytes failed: Запрос ReadProcessMemory или WriteProcessMemory был выполнен только частично. (0x12B)
[0824/094822.484:WARNING:pe_image_reader.cc(340)] could not read dos header from C:\WINDOWS\System32\CRYPT32.dll
[0824/094822.484:ERROR:process_memory_win.cc(73)] ReadMemory at 0x7ff89a520000 of 64 bytes failed: Запрос ReadProcessMemory или WriteProcessMemory был выполнен только частично. (0x12B)
[0824/094822.484:WARNING:pe_image_reader.cc(340)] could not read dos header from C:\WINDOWS\SYSTEM32\IPHLPAPI.DLL
[0824/094822.484:ERROR:process_memory_win.cc(73)] ReadMemory at 0x7ff88e6a0000 of 64 bytes failed: Запрос ReadProcessMemory или WriteProcessMemory был выполнен только частично. (0x12B)
[0824/094822.484:WARNING:pe_image_reader.cc(340)] could not read dos header from C:\WINDOWS\SYSTEM32\WINMM.dll
[0824/094822.484:ERROR:process_memory_win.cc(73)] ReadMemory at 0x7ff889e30000 of 64 bytes failed: Запрос ReadProcessMemory или WriteProcessMemory был выполнен только частично. (0x12B)
[0824/094822.484:WARNING:pe_image_reader.cc(340)] could not read dos header from C:\WINDOWS\SYSTEM32\Secur32.dll
[0824/094822.484:ERROR:process_memory_win.cc(73)] ReadMemory at 0x7ff89afc0000 of 64 bytes failed: Запрос ReadProcessMemory или WriteProcessMemory был выполнен только частично. (0x12B)
[0824/094822.484:WARNING:pe_image_reader.cc(340)] could not read dos header from C:\WINDOWS\SYSTEM32\USERENV.dll
[0824/094822.484:ERROR:process_memory_win.cc(73)] ReadMemory at 0x7ff87a290000 of 64 bytes failed: Запрос ReadProcessMemory или WriteProcessMemory был выполнен только частично. (0x12B)
[0824/094822.484:WARNING:pe_image_reader.cc(340)] could not read dos header from C:\WINDOWS\SYSTEM32\UIAutomationCore.DLL
[0824/094822.484:ERROR:process_memory_win.cc(73)] ReadMemory at 0x7ff894f50000 of 64 bytes failed: Запрос ReadProcessMemory или WriteProcessMemory был выполнен только частично. (0x12B)
[0824/094822.484:WARNING:pe_image_reader.cc(340)] could not read dos header from C:\WINDOWS\SYSTEM32\DWrite.dll
[0824/094822.484:ERROR:process_memory_win.cc(73)] ReadMemory at 0x7ff8799b0000 of 64 bytes failed: Запрос ReadProcessMemory или WriteProcessMemory был выполнен только частично. (0x12B)
[0824/094822.484:WARNING:pe_image_reader.cc(340)] could not read dos header from C:\WINDOWS\SYSTEM32\WINSPOOL.DRV
[0824/094822.484:ERROR:process_memory_win.cc(73)] ReadMemory at 0x7ff892a50000 of 64 bytes failed: Запрос ReadProcessMemory или WriteProcessMemory был выполнен только частично. (0x12B)
[0824/094822.484:WARNING:pe_image_reader.cc(340)] could not read dos header from C:\WINDOWS\SYSTEM32\dbghelp.dll
[0824/094822.484:ERROR:process_memory_win.cc(73)] ReadMemory at 0x7ff88b510000 of 64 bytes failed: Запрос ReadProcessMemory или WriteProcessMemory был выполнен только частично. (0x12B)
[0824/094822.484:WARNING:pe_image_reader.cc(340)] could not read dos header from C:\WINDOWS\SYSTEM32\WINHTTP.dll
[0824/094822.484:ERROR:process_memory_win.cc(73)] ReadMemory at 0x7ff893b30000 of 64 bytes failed: Запрос ReadProcessMemory или WriteProcessMemory был выполнен только частично. (0x12B)
[0824/094822.484:WARNING:pe_image_reader.cc(340)] could not read dos header from C:\WINDOWS\SYSTEM32\dhcpcsvc.DLL
[0824/094822.484:ERROR:process_memory_win.cc(73)] ReadMemory at 0x7ff896e90000 of 64 bytes failed: Запрос ReadProcessMemory или WriteProcessMemory был выполнен только частично. (0x12B)
[0824/094822.484:WARNING:pe_image_reader.cc(340)] could not read dos header from C:\WINDOWS\SYSTEM32\PROPSYS.dll
[0824/094822.484:ERROR:process_memory_win.cc(73)] ReadMemory at 0x7ff89aff0000 of 64 bytes failed: Запрос ReadProcessMemory или WriteProcessMemory был выполнен только частично. (0x12B)
[0824/094822.484:WARNING:pe_image_reader.cc(340)] could not read dos header from C:\WINDOWS\SYSTEM32\SSPICLI.DLL
[0824/094822.484:ERROR:process_memory_win.cc(73)] ReadMemory at 0x7ff89ac90000 of 64 bytes failed: Запрос ReadProcessMemory или WriteProcessMemory был выполнен только частично. (0x12B)
[0824/094822.484:WARNING:pe_image_reader.cc(340)] could not read dos header from C:\WINDOWS\System32\MSASN1.dll
[0824/094822.484:ERROR:process_memory_win.cc(73)] ReadMemory at 0x7ff89b950000 of 64 bytes failed: Запрос ReadProcessMemory или WriteProcessMemory был выполнен только частично. (0x12B)
[0824/094822.484:WARNING:pe_image_reader.cc(340)] could not read dos header from C:\WINDOWS\System32\bcryptPrimitives.dll
[0824/094822.484:ERROR:process_memory_win.cc(73)] ReadMemory at 0x7ff89c160000 of 64 bytes failed: Запрос ReadProcessMemory или WriteProcessMemory был выполнен только частично. (0x12B)
[0824/094822.484:WARNING:pe_image_reader.cc(340)] could not read dos header from C:\WINDOWS\System32\ole32.dll
[0824/094822.484:ERROR:process_memory_win.cc(73)] ReadMemory at 0x7ff89cad0000 of 64 bytes failed: Запрос ReadProcessMemory или WriteProcessMemory был выполнен только частично. (0x12B)
[0824/094822.484:WARNING:pe_image_reader.cc(340)] could not read dos header from C:\WINDOWS\System32\GDI32.dll
[0824/094822.484:ERROR:process_memory_win.cc(73)] ReadMemory at 0x7ff89b350000 of 64 bytes failed: Запрос ReadProcessMemory или WriteProcessMemory был выполнен только частично. (0x12B)
[0824/094822.484:WARNING:pe_image_reader.cc(340)] could not read dos header from C:\WINDOWS\System32\win32u.dll
[0824/094822.484:ERROR:process_memory_win.cc(73)] ReadMemory at 0x7ff89b380000 of 64 bytes failed: Запрос ReadProcessMemory или WriteProcessMemory был выполнен только частично. (0x12B)
[0824/094822.484:WARNING:pe_image_reader.cc(340)] could not read dos header from C:\WINDOWS\System32\gdi32full.dll
[0824/094822.484:ERROR:process_memory_win.cc(73)] ReadMemory at 0x7ff89c290000 of 64 bytes failed: Запрос ReadProcessMemory или WriteProcessMemory был выполнен только частично. (0x12B)
[0824/094822.484:WARNING:pe_image_reader.cc(340)] could not read dos header from C:\WINDOWS\System32\USER32.dll
[0824/094822.484:ERROR:process_memory_win.cc(73)] ReadMemory at 0x7ff89d130000 of 64 bytes failed: Запрос ReadProcessMemory или WriteProcessMemory был выполнен только частично. (0x12B)
[0824/094822.484:WARNING:pe_image_reader.cc(340)] could not read dos header from C:\WINDOWS\System32\IMM32.DLL
[0824/094822.484:ERROR:process_memory_win.cc(73)] ReadMemory at 0x7ff89d220000 of 64 bytes failed: Запрос ReadProcessMemory или WriteProcessMemory был выполнен только частично. (0x12B)
[0824/094822.484:WARNING:pe_image_reader.cc(340)] could not read dos header from C:\WINDOWS\System32\SHELL32.dll
[0824/094822.484:ERROR:process_memory_win.cc(73)] ReadMemory at 0x7ff899280000 of 64 bytes failed: Запрос ReadProcessMemory или WriteProcessMemory был выполнен только частично. (0x12B)
[0824/094822.484:WARNING:pe_image_reader.cc(340)] could not read dos header from C:\WINDOWS\SYSTEM32\windows.storage.dll
[0824/094822.488:ERROR:process_memory_win.cc(73)] ReadMemory at 0x7ff89ab10000 of 64 bytes failed: Запрос ReadProcessMemory или WriteProcessMemory был выполнен только частично. (0x12B)
[0824/094822.488:WARNING:pe_image_reader.cc(340)] could not read dos header from C:\WINDOWS\SYSTEM32\Wldp.dll
[0824/094822.488:ERROR:process_memory_win.cc(73)] ReadMemory at 0x7ff89bdd0000 of 64 bytes failed: Запрос ReadProcessMemory или WriteProcessMemory был выполнен только частично. (0x12B)
[0824/094822.488:WARNING:pe_image_reader.cc(340)] could not read dos header from C:\WINDOWS\System32\SHCORE.dll
[0824/094822.488:ERROR:process_memory_win.cc(73)] ReadMemory at 0x7ff89bbe0000 of 64 bytes failed: Запрос ReadProcessMemory или WriteProcessMemory был выполнен только частично. (0x12B)
[0824/094822.488:WARNING:pe_image_reader.cc(340)] could not read dos header from C:\WINDOWS\System32\shlwapi.dll
[0824/094822.488:ERROR:process_memory_win.cc(73)] ReadMemory at 0x7ff89aa20000 of 64 bytes failed: Запрос ReadProcessMemory или WriteProcessMemory был выполнен только частично. (0x12B)
[0824/094822.488:WARNING:pe_image_reader.cc(340)] could not read dos header from C:\WINDOWS\SYSTEM32\CRYPTBASE.DLL
[0824/094822.488:ERROR:process_memory_win.cc(73)] ReadMemory at 0x7ff894ab0000 of 64 bytes failed: Запрос ReadProcessMemory или WriteProcessMemory был выполнен только частично. (0x12B)
[0824/094822.488:WARNING:pe_image_reader.cc(340)] could not read dos header from C:\WINDOWS\system32\NLAapi.dll
[0824/094822.488:ERROR:process_memory_win.cc(73)] ReadMemory at 0x7ff89d960000 of 64 bytes failed: Запрос ReadProcessMemory или WriteProcessMemory был выполнен только частично. (0x12B)
[0824/094822.488:WARNING:pe_image_reader.cc(340)] could not read dos header from C:\WINDOWS\System32\NSI.dll
[0824/094822.488:ERROR:process_memory_win.cc(73)] ReadMemory at 0x7ff893690000 of 64 bytes failed: Запрос ReadProcessMemory или WriteProcessMemory был выполнен только частично. (0x12B)
[0824/094822.488:WARNING:pe_image_reader.cc(340)] could not read dos header from C:\WINDOWS\SYSTEM32\dhcpcsvc6.DLL
[0824/094822.488:ERROR:process_memory_win.cc(73)] ReadMemory at 0x7ff89a570000 of 64 bytes failed: Запрос ReadProcessMemory или WriteProcessMemory был выполнен только частично. (0x12B)
[0824/094822.488:WARNING:pe_image_reader.cc(340)] could not read dos header from C:\WINDOWS\SYSTEM32\DNSAPI.dll
[0824/094822.488:ERROR:process_memory_win.cc(73)] ReadMemory at 0x7ff893570000 of 64 bytes failed: Запрос ReadProcessMemory или WriteProcessMemory был выполнен только частично. (0x12B)
[0824/094822.488:WARNING:pe_image_reader.cc(340)] could not read dos header from C:\WINDOWS\SYSTEM32\wlanapi.dll
[0824/094822.488:ERROR:process_memory_win.cc(73)] ReadMemory at 0x7ff89b040000 of 64 bytes failed: Запрос ReadProcessMemory или WriteProcessMemory был выполнен только частично. (0x12B)
[0824/094822.488:WARNING:pe_image_reader.cc(340)] could not read dos header from C:\WINDOWS\SYSTEM32\profapi.dll
[0824/094822.488:ERROR:process_memory_win.cc(73)] ReadMemory at 0x7ff89a830000 of 64 bytes failed: Запрос ReadProcessMemory или WriteProcessMemory был выполнен только частично. (0x12B)
[0824/094822.488:WARNING:pe_image_reader.cc(340)] could not read dos header from C:\WINDOWS\system32\mswsock.dll
[0824/094822.488:ERROR:process_memory_win.cc(73)] ReadMemory at 0x7ff88b400000 of 64 bytes failed: Запрос ReadProcessMemory или WriteProcessMemory был выполнен только частично. (0x12B)
[0824/094822.488:WARNING:pe_image_reader.cc(340)] could not read dos header from C:\Windows\System32\rasadhlp.dll
[0824/094822.488:ERROR:process_memory_win.cc(73)] ReadMemory at 0x7ff88b420000 of 64 bytes failed: Запрос ReadProcessMemory или WriteProcessMemory был выполнен только частично. (0x12B)
[0824/094822.488:WARNING:pe_image_reader.cc(340)] could not read dos header from C:\WINDOWS\System32\fwpuclnt.dll
[0824/094822.488:ERROR:process_memory_win.cc(73)] ReadMemory at 0x7ff89b920000 of 64 bytes failed: Запрос ReadProcessMemory или WriteProcessMemory был выполнен только частично. (0x12B)
[0824/094822.488:WARNING:pe_image_reader.cc(340)] could not read dos header from C:\WINDOWS\System32\bcrypt.dll
[0824/094822.488:ERROR:process_memory_win.cc(73)] ReadMemory at 0x7ff89aa00000 of 64 bytes failed: Запрос ReadProcessMemory или WriteProcessMemory был выполнен только частично. (0x12B)
[0824/094822.488:WARNING:pe_image_reader.cc(340)] could not read dos header from C:\WINDOWS\System32\CRYPTSP.dll
[0824/094822.488:ERROR:process_memory_win.cc(73)] ReadMemory at 0x7ff89a1c0000 of 64 bytes failed: Запрос ReadProcessMemory или WriteProcessMemory был выполнен только частично. (0x12B)
[0824/094822.488:WARNING:pe_image_reader.cc(340)] could not read dos header from C:\WINDOWS\system32\rsaenh.dll
[0824/094822.488:ERROR:process_memory_win.cc(73)] ReadMemory at 0x7ff899a30000 of 64 bytes failed: Запрос ReadProcessMemory или WriteProcessMemory был выполнен только частично. (0x12B)
[0824/094822.488:WARNING:pe_image_reader.cc(340)] could not read dos header from C:\WINDOWS\SYSTEM32\gpapi.dll
[0824/094822.488:ERROR:process_memory_win.cc(73)] ReadMemory at 0x7ff881910000 of 64 bytes failed: Запрос ReadProcessMemory или WriteProcessMemory был выполнен только частично. (0x12B)
[0824/094822.488:WARNING:pe_image_reader.cc(340)] could not read dos header from C:\Windows\System32\cryptnet.dll
[0824/094822.488:ERROR:process_memory_win.cc(73)] ReadMemory at 0x7ff899eb0000 of 64 bytes failed: Запрос ReadProcessMemory или WriteProcessMemory был выполнен только частично. (0x12B)
[0824/094822.488:WARNING:pe_image_reader.cc(340)] could not read dos header from C:\WINDOWS\SYSTEM32\ntmarta.dll
[0824/094822.524:ERROR:process_memory_win.cc(73)] ReadMemory at 0x7ac9ff9000 of 28672 bytes failed: Запрос ReadProcessMemory или WriteProcessMemory был выполнен только частично. (0x12B)
[0824/094822.524:ERROR:process_memory_win.cc(73)] ReadMemory at 0x7aca7fd000 of 12288 bytes failed: Запрос ReadProcessMemory или WriteProcessMemory был выполнен только частично. (0x12B)
[0824/094822.524:ERROR:process_memory_win.cc(73)] ReadMemory at 0x7acaffd000 of 12288 bytes failed: Запрос ReadProcessMemory или WriteProcessMemory был выполнен только частично. (0x12B)
[0824/094822.524:ERROR:process_memory_win.cc(73)] ReadMemory at 0x7acb7fb000 of 20480 bytes failed: Запрос ReadProcessMemory или WriteProcessMemory был выполнен только частично. (0x12B)
[0824/094822.524:ERROR:process_memory_win.cc(73)] ReadMemory at 0x7acbffc000 of 16384 bytes failed: Запрос ReadProcessMemory или WriteProcessMemory был выполнен только частично. (0x12B)
[0824/094822.524:ERROR:process_memory_win.cc(73)] ReadMemory at 0x7acc7f8000 of 32768 bytes failed: Запрос ReadProcessMemory или WriteProcessMemory был выполнен только частично. (0x12B)
[0824/094822.524:ERROR:process_memory_win.cc(73)] ReadMemory at 0x7accffe000 of 8192 bytes failed: Запрос ReadProcessMemory или WriteProcessMemory был выполнен только частично. (0x12B)
[0824/094822.524:ERROR:process_memory_win.cc(73)] ReadMemory at 0x7acd7f9000 of 28672 bytes failed: Запрос ReadProcessMemory или WriteProcessMemory был выполнен только частично. (0x12B)
[0824/094822.524:ERROR:process_memory_win.cc(73)] ReadMemory at 0x7acdffa000 of 24576 bytes failed: Запрос ReadProcessMemory или WriteProcessMemory был выполнен только частично. (0x12B)
[0824/094822.524:ERROR:process_memory_win.cc(73)] ReadMemory at 0x7aceffe000 of 8192 bytes failed: Запрос ReadProcessMemory или WriteProcessMemory был выполнен только частично. (0x12B)
[0824/094822.524:ERROR:process_memory_win.cc(73)] ReadMemory at 0x7acf7fe000 of 8192 bytes failed: Запрос ReadProcessMemory или WriteProcessMemory был выполнен только частично. (0x12B)
[0824/094822.524:ERROR:process_memory_win.cc(73)] ReadMemory at 0x7ace7fc000 of 16384 bytes failed: Запрос ReadProcessMemory или WriteProcessMemory был выполнен только частично. (0x12B)
[0824/094822.524:ERROR:process_memory_win.cc(73)] ReadMemory at 0x7acfffd000 of 12288 bytes failed: Запрос ReadProcessMemory или WriteProcessMemory был выполнен только частично. (0x12B)
[0824/094822.524:ERROR:process_memory_win.cc(73)] ReadMemory at 0x7ad07fb000 of 20480 bytes failed: Запрос ReadProcessMemory или WriteProcessMemory был выполнен только частично. (0x12B)
[0824/094822.524:ERROR:process_memory_win.cc(73)] ReadMemory at 0x7ad0fff000 of 4096 bytes failed: Запрос ReadProcessMemory или WriteProcessMemory был выполнен только частично. (0x12B)
[0824/094822.524:ERROR:process_memory_win.cc(73)] ReadMemory at 0x7ad17fb000 of 20480 bytes failed: Запрос ReadProcessMemory или WriteProcessMemory был выполнен только частично. (0x12B)
[0824/094822.524:ERROR:process_memory_win.cc(73)] ReadMemory at 0x7ad1ffd000 of 12288 bytes failed: Запрос ReadProcessMemory или WriteProcessMemory был выполнен только частично. (0x12B)
[0824/094822.524:ERROR:process_memory_win.cc(73)] ReadMemory at 0x7ac9649000 of 852 bytes failed: Запрос ReadProcessMemory или WriteProcessMemory был выполнен только частично. (0x12B)
[0824/094822.528:ERROR:process_memory_win.cc(73)] ReadMemory at 0x7ac964a000 of 6024 bytes failed: Запрос ReadProcessMemory или WriteProcessMemory был выполнен только частично. (0x12B)
[0824/094822.528:ERROR:process_memory_win.cc(73)] ReadMemory at 0x7ac964c000 of 6024 bytes failed: Запрос ReadProcessMemory или WriteProcessMemory был выполнен только частично. (0x12B)
[0824/094822.528:ERROR:process_memory_win.cc(73)] ReadMemory at 0x7ac964e000 of 6024 bytes failed: Запрос ReadProcessMemory или WriteProcessMemory был выполнен только частично. (0x12B)
[0824/094822.528:ERROR:process_memory_win.cc(73)] ReadMemory at 0x7ac9650000 of 6024 bytes failed: Запрос ReadProcessMemory или WriteProcessMemory был выполнен только частично. (0x12B)
[0824/094822.528:ERROR:process_memory_win.cc(73)] ReadMemory at 0x7ac9652000 of 6024 bytes failed: Запрос ReadProcessMemory или WriteProcessMemory был выполнен только частично. (0x12B)
[0824/094822.528:ERROR:process_memory_win.cc(73)] ReadMemory at 0x7ac9654000 of 6024 bytes failed: Запрос ReadProcessMemory или WriteProcessMemory был выполнен только частично. (0x12B)
[0824/094822.528:ERROR:process_memory_win.cc(73)] ReadMemory at 0x7ac9656000 of 6024 bytes failed: Запрос ReadProcessMemory или WriteProcessMemory был выполнен только частично. (0x12B)
[0824/094822.528:ERROR:process_memory_win.cc(73)] ReadMemory at 0x7ac9658000 of 6024 bytes failed: Запрос ReadProcessMemory или WriteProcessMemory был выполнен только частично. (0x12B)
[0824/094822.528:ERROR:process_memory_win.cc(73)] ReadMemory at 0x7ac965a000 of 6024 bytes failed: Запрос ReadProcessMemory или WriteProcessMemory был выполнен только частично. (0x12B)
[0824/094822.528:ERROR:process_memory_win.cc(73)] ReadMemory at 0x7ac965e000 of 6024 bytes failed: Запрос ReadProcessMemory или WriteProcessMemory был выполнен только частично. (0x12B)
[0824/094822.528:ERROR:process_memory_win.cc(73)] ReadMemory at 0x7ac9660000 of 6024 bytes failed: Запрос ReadProcessMemory или WriteProcessMemory был выполнен только частично. (0x12B)
[0824/094822.528:ERROR:process_memory_win.cc(73)] ReadMemory at 0x7ac9662000 of 6024 bytes failed: Запрос ReadProcessMemory или WriteProcessMemory был выполнен только частично. (0x12B)
[0824/094822.528:ERROR:process_memory_win.cc(73)] ReadMemory at 0x7ac9664000 of 6024 bytes failed: Запрос ReadProcessMemory или WriteProcessMemory был выполнен только частично. (0x12B)
[0824/094822.528:ERROR:process_memory_win.cc(73)] ReadMemory at 0x7ac9666000 of 6024 bytes failed: Запрос ReadProcessMemory или WriteProcessMemory был выполнен только частично. (0x12B)
[0824/094822.528:ERROR:process_memory_win.cc(73)] ReadMemory at 0x7ac9668000 of 6024 bytes failed: Запрос ReadProcessMemory или WriteProcessMemory был выполнен только частично. (0x12B)
[0824/094822.528:ERROR:process_memory_win.cc(73)] ReadMemory at 0x7ac966a000 of 6024 bytes failed: Запрос ReadProcessMemory или WriteProcessMemory был выполнен только частично. (0x12B)
[0824/094822.528:ERROR:process_memory_win.cc(73)] ReadMemory at 0x7ac966c000 of 6024 bytes failed: Запрос ReadProcessMemory или WriteProcessMemory был выполнен только частично. (0x12B)
[0824/094822.528:ERROR:process_memory_win.cc(73)] ReadMemory at 0x25ae8f20ca0 of 512 bytes failed: Запрос ReadProcessMemory или WriteProcessMemory был выполнен только частично. (0x12B)
[0824/094822.528:ERROR:process_memory_win.cc(73)] ReadMemory at 0x25ae8f215a0 of 512 bytes failed: Запрос ReadProcessMemory или WriteProcessMemory был выполнен только частично. (0x12B)
[0824/094822.528:ERROR:process_memory_win.cc(73)] ReadMemory at 0x25ae90a0000 of 384 bytes failed: Запрос ReadProcessMemory или WriteProcessMemory был выполнен только частично. (0x12B)
[0824/094822.528:ERROR:process_memory_win.cc(73)] ReadMemory at 0x25ae90a0ad0 of 512 bytes failed: Запрос ReadProcessMemory или WriteProcessMemory был выполнен только частично. (0x12B)
[0824/094822.528:ERROR:process_memory_win.cc(73)] ReadMemory at 0x25ae90a0fe0 of 3810 bytes failed: Запрос ReadProcessMemory или WriteProcessMemory был выполнен только частично. (0x12B)
[0824/094822.528:ERROR:process_memory_win.cc(73)] ReadMemory at 0x25ae90a1ed0 of 1012 bytes failed: Запрос ReadProcessMemory или WriteProcessMemory был выполнен только частично. (0x12B)
[0824/094822.528:ERROR:process_memory_win.cc(73)] ReadMemory at 0x25ae90a2518 of 118 bytes failed: Запрос ReadProcessMemory или WriteProcessMemory был выполнен только частично. (0x12B)
[0824/094822.528:ERROR:process_memory_win.cc(73)] ReadMemory at 0x25ae90a2590 of 908 bytes failed: Запрос ReadProcessMemory или WriteProcessMemory был выполнен только частично. (0x12B)
[0824/094822.528:ERROR:process_memory_win.cc(73)] ReadMemory at 0x25ae90a291e of 118 bytes failed: Запрос ReadProcessMemory или WriteProcessMemory был выполнен только частично. (0x12B)
[0824/094822.528:ERROR:process_memory_win.cc(73)] ReadMemory at 0x25ae90a2996 of 30 bytes failed: Запрос ReadProcessMemory или WriteProcessMemory был выполнен только частично. (0x12B)
[0824/094822.528:ERROR:process_memory_win.cc(73)] ReadMemory at 0x25ae90a29c0 of 58 bytes failed: Запрос ReadProcessMemory или WriteProcessMemory был выполнен только частично. (0x12B)
[0824/094822.528:ERROR:process_memory_win.cc(73)] ReadMemory at 0x25ae90a2ac0 of 132 bytes failed: Запрос ReadProcessMemory или WriteProcessMemory был выполнен только частично. (0x12B)
[0824/094822.532:ERROR:process_memory_win.cc(73)] ReadMemory at 0x25ae90a2c50 of 132 bytes failed: Запрос ReadProcessMemory или WriteProcessMemory был выполнен только частично. (0x12B)
[0824/094822.532:ERROR:process_memory_win.cc(73)] ReadMemory at 0x25ae90a2e10 of 126 bytes failed: Запрос ReadProcessMemory или WriteProcessMemory был выполнен только частично. (0x12B)
[0824/094822.532:ERROR:process_memory_win.cc(73)] ReadMemory at 0x25ae90a39c0 of 132 bytes failed: Запрос ReadProcessMemory или WriteProcessMemory был выполнен только частично. (0x12B)
[0824/094822.532:ERROR:process_memory_win.cc(73)] ReadMemory at 0x25ae90a3af0 of 132 bytes failed: Запрос ReadProcessMemory или WriteProcessMemory был выполнен только частично. (0x12B)
[0824/094822.532:ERROR:process_memory_win.cc(73)] ReadMemory at 0x25ae90a6d20 of 132 bytes failed: Запрос ReadProcessMemory или WriteProcessMemory был выполнен только частично. (0x12B)
[0824/094822.532:ERROR:process_memory_win.cc(73)] ReadMemory at 0x25ae90a6ed0 of 64 bytes failed: Запрос ReadProcessMemory или WriteProcessMemory был выполнен только частично. (0x12B)
[0824/094822.532:ERROR:process_memory_win.cc(73)] ReadMemory at 0x25ae90a6f50 of 132 bytes failed: Запрос ReadProcessMemory или WriteProcessMemory был выполнен только частично. (0x12B)
[0824/094822.532:ERROR:process_memory_win.cc(73)] ReadMemory at 0x25ae90a7110 of 68 bytes failed: Запрос ReadProcessMemory или WriteProcessMemory был выполнен только частично. (0x12B)
[0824/094822.532:ERROR:process_memory_win.cc(73)] ReadMemory at 0x25ae90abc80 of 154 bytes failed: Запрос ReadProcessMemory или WriteProcessMemory был выполнен только частично. (0x12B)
[0824/094822.532:ERROR:process_memory_win.cc(73)] ReadMemory at 0x25ae90ac880 of 60 bytes failed: Запрос ReadProcessMemory или WriteProcessMemory был выполнен только частично. (0x12B)
[0824/094822.532:ERROR:process_memory_win.cc(73)] ReadMemory at 0x25ae90ac920 of 62 bytes failed: Запрос ReadProcessMemory или WriteProcessMemory был выполнен только частично. (0x12B)
[0824/094822.532:ERROR:process_memory_win.cc(73)] ReadMemory at 0x25ae90ad030 of 132 bytes failed: Запрос ReadProcessMemory или WriteProcessMemory был выполнен только частично. (0x12B)
[0824/094822.532:ERROR:process_memory_win.cc(73)] ReadMemory at 0x25ae90b5960 of 132 bytes failed: Запрос ReadProcessMemory или WriteProcessMemory был выполнен только частично. (0x12B)
[0824/094822.532:ERROR:process_memory_win.cc(73)] ReadMemory at 0x25ae90b5a90 of 132 bytes failed: Запрос ReadProcessMemory или WriteProcessMemory был выполнен только частично. (0x12B)
[0824/094822.532:ERROR:process_memory_win.cc(73)] ReadMemory at 0x25ae90b9260 of 132 bytes failed: Запрос ReadProcessMemory или WriteProcessMemory был выполнен только частично. (0x12B)
[0824/094822.532:ERROR:process_memory_win.cc(73)] ReadMemory at 0x25ae90b9390 of 132 bytes failed: Запрос ReadProcessMemory или WriteProcessMemory был выполнен только частично. (0x12B)
[0824/094822.532:ERROR:process_memory_win.cc(73)] ReadMemory at 0x25ae90b94c0 of 132 bytes failed: Запрос ReadProcessMemory или WriteProcessMemory был выполнен только частично. (0x12B)
[0824/094822.532:ERROR:process_memory_win.cc(73)] ReadMemory at 0x25ae90b95f0 of 132 bytes failed: Запрос ReadProcessMemory или WriteProcessMemory был выполнен только частично. (0x12B)
[0824/094822.532:ERROR:process_memory_win.cc(73)] ReadMemory at 0x25ae90b9720 of 132 bytes failed: Запрос ReadProcessMemory или WriteProcessMemory был выполнен только частично. (0x12B)
[0824/094822.532:ERROR:process_memory_win.cc(73)] ReadMemory at 0x25ae90b9850 of 132 bytes failed: Запрос ReadProcessMemory или WriteProcessMemory был выполнен только частично. (0x12B)
[0824/094822.532:ERROR:process_memory_win.cc(73)] ReadMemory at 0x25ae90b9980 of 132 bytes failed: Запрос ReadProcessMemory или WriteProcessMemory был выполнен только частично. (0x12B)
[0824/094822.532:ERROR:process_memory_win.cc(73)] ReadMemory at 0x25ae90b9ab0 of 132 bytes failed: Запрос ReadProcessMemory или WriteProcessMemory был выполнен только частично. (0x12B)
[0824/094822.532:ERROR:process_memory_win.cc(73)] ReadMemory at 0x25ae90b9be0 of 132 bytes failed: Запрос ReadProcessMemory или WriteProcessMemory был выполнен только частично. (0x12B)
[0824/094822.532:ERROR:process_memory_win.cc(73)] ReadMemory at 0x25ae90b9d10 of 132 bytes failed: Запрос ReadProcessMemory или WriteProcessMemory был выполнен только частично. (0x12B)
[0824/094822.532:ERROR:process_memory_win.cc(73)] ReadMemory at 0x25ae90b9e40 of 132 bytes failed: Запрос ReadProcessMemory или WriteProcessMemory был выполнен только частично. (0x12B)
[0824/094822.532:ERROR:process_memory_win.cc(73)] ReadMemory at 0x25ae90b9f70 of 132 bytes failed: Запрос ReadProcessMemory или WriteProcessMemory был выполнен только частично. (0x12B)
[0824/094822.532:ERROR:process_memory_win.cc(73)] ReadMemory at 0x25ae90ba0a0 of 132 bytes failed: Запрос ReadProcessMemory или WriteProcessMemory был выполнен только частично. (0x12B)
[0824/094822.532:ERROR:process_memory_win.cc(73)] ReadMemory at 0x25ae90bb7b0 of 62 bytes failed: Запрос ReadProcessMemory или WriteProcessMemory был выполнен только частично. (0x12B)
[0824/094822.532:ERROR:process_memory_win.cc(73)] ReadMemory at 0x25ae90bb8f0 of 62 bytes failed: Запрос ReadProcessMemory или WriteProcessMemory был выполнен только частично. (0x12B)
[0824/094822.532:ERROR:process_memory_win.cc(73)] ReadMemory at 0x25ae90bb940 of 64 bytes failed: Запрос ReadProcessMemory или WriteProcessMemory был выполнен только частично. (0x12B)
[0824/094822.532:ERROR:process_memory_win.cc(73)] ReadMemory at 0x25ae90bb990 of 64 bytes failed: Запрос ReadProcessMemory или WriteProcessMemory был выполнен только частично. (0x12B)
[0824/094822.532:ERROR:process_memory_win.cc(73)] ReadMemory at 0x25ae90bb9e0 of 64 bytes failed: Запрос ReadProcessMemory или WriteProcessMemory был выполнен только частично. (0x12B)
[0824/094822.532:ERROR:process_memory_win.cc(73)] ReadMemory at 0x25ae90bba30 of 62 bytes failed: Запрос ReadProcessMemory или WriteProcessMemory был выполнен только частично. (0x12B)
[0824/094822.532:ERROR:process_memory_win.cc(73)] ReadMemory at 0x25ae90bbb20 of 64 bytes failed: Запрос ReadProcessMemory или WriteProcessMemory был выполнен только частично. (0x12B)
[0824/094822.532:ERROR:process_memory_win.cc(73)] ReadMemory at 0x25ae90bbc60 of 60 bytes failed: Запрос ReadProcessMemory или WriteProcessMemory был выполнен только частично. (0x12B)
[0824/094822.536:ERROR:process_memory_win.cc(73)] ReadMemory at 0x25ae90bbda0 of 64 bytes failed: Запрос ReadProcessMemory или WriteProcessMemory был выполнен только частично. (0x12B)
[0824/094822.536:ERROR:process_memory_win.cc(73)] ReadMemory at 0x25ae90bbdf0 of 62 bytes failed: Запрос ReadProcessMemory или WriteProcessMemory был выполнен только частично. (0x12B)
[0824/094822.536:ERROR:process_memory_win.cc(73)] ReadMemory at 0x25ae90bbe40 of 62 bytes failed: Запрос ReadProcessMemory или WriteProcessMemory был выполнен только частично. (0x12B)
[0824/094822.536:ERROR:process_memory_win.cc(73)] ReadMemory at 0x25ae90bbe90 of 58 bytes failed: Запрос ReadProcessMemory или WriteProcessMemory был выполнен только частично. (0x12B)
[0824/094822.536:ERROR:process_memory_win.cc(73)] ReadMemory at 0x25ae90bbee0 of 64 bytes failed: Запрос ReadProcessMemory или WriteProcessMemory был выполнен только частично. (0x12B)
[0824/094822.536:ERROR:process_memory_win.cc(73)] ReadMemory at 0x25ae90bc070 of 66 bytes failed: Запрос ReadProcessMemory или WriteProcessMemory был выполнен только частично. (0x12B)
[0824/094822.536:ERROR:process_memory_win.cc(73)] ReadMemory at 0x25ae90bc0c0 of 62 bytes failed: Запрос ReadProcessMemory или WriteProcessMemory был выполнен только частично. (0x12B)
[0824/094822.536:ERROR:process_memory_win.cc(73)] ReadMemory at 0x25ae90bc110 of 64 bytes failed: Запрос ReadProcessMemory или WriteProcessMemory был выполнен только частично. (0x12B)
[0824/094822.536:ERROR:process_memory_win.cc(73)] ReadMemory at 0x25ae90bc160 of 62 bytes failed: Запрос ReadProcessMemory или WriteProcessMemory был выполнен только частично. (0x12B)
[0824/094822.536:ERROR:process_memory_win.cc(73)] ReadMemory at 0x25ae90bc200 of 62 bytes failed: Запрос ReadProcessMemory или WriteProcessMemory был выполнен только частично. (0x12B)
[0824/094822.536:ERROR:process_memory_win.cc(73)] ReadMemory at 0x25ae90bc250 of 60 bytes failed: Запрос ReadProcessMemory или WriteProcessMemory был выполнен только частично. (0x12B)
[0824/094822.536:ERROR:process_memory_win.cc(73)] ReadMemory at 0x25ae90bc2f0 of 60 bytes failed: Запрос ReadProcessMemory или WriteProcessMemory был выполнен только частично. (0x12B)
[0824/094822.536:ERROR:process_memory_win.cc(73)] ReadMemory at 0x25ae90bc390 of 62 bytes failed: Запрос ReadProcessMemory или WriteProcessMemory был выполнен только частично. (0x12B)
[0824/094822.536:ERROR:process_memory_win.cc(73)] ReadMemory at 0x25ae90bccc0 of 132 bytes failed: Запрос ReadProcessMemory или WriteProcessMemory был выполнен только частично. (0x12B)
[0824/094822.536:ERROR:process_memory_win.cc(73)] ReadMemory at 0x25ae90be440 of 132 bytes failed: Запрос ReadProcessMemory или WriteProcessMemory был выполнен только частично. (0x12B)
[0824/094822.536:ERROR:process_memory_win.cc(73)] ReadMemory at 0x25ae90be570 of 146 bytes failed: Запрос ReadProcessMemory или WriteProcessMemory был выполнен только частично. (0x12B)
[0824/094822.536:ERROR:process_memory_win.cc(73)] ReadMemory at 0x25ae90bf8a0 of 80 bytes failed: Запрос ReadProcessMemory или WriteProcessMemory был выполнен только частично. (0x12B)
[0824/094822.536:ERROR:process_memory_win.cc(73)] ReadMemory at 0x25ae90bfde0 of 80 bytes failed: Запрос ReadProcessMemory или WriteProcessMemory был выполнен только частично. (0x12B)
[0824/094822.536:ERROR:process_memory_win.cc(73)] ReadMemory at 0x25ae90c3870 of 132 bytes failed: Запрос ReadProcessMemory или WriteProcessMemory был выполнен только частично. (0x12B)
[0824/094822.536:ERROR:process_memory_win.cc(73)] ReadMemory at 0x25ae90c3b90 of 132 bytes failed: Запрос ReadProcessMemory или WriteProcessMemory был выполнен только частично. (0x12B)
[0824/094822.536:ERROR:process_memory_win.cc(73)] ReadMemory at 0x25ae90c3db0 of 132 bytes failed: Запрос ReadProcessMemory или WriteProcessMemory был выполнен только частично. (0x12B)
[0824/094822.536:ERROR:process_memory_win.cc(73)] ReadMemory at 0x25ae90c4150 of 132 bytes failed: Запрос ReadProcessMemory или WriteProcessMemory был выполнен только частично. (0x12B)
[0824/094822.536:ERROR:process_memory_win.cc(73)] ReadMemory at 0x25ae90c4280 of 132 bytes failed: Запрос ReadProcessMemory или WriteProcessMemory был выполнен только частично. (0x12B)
[0824/094822.536:ERROR:process_memory_win.cc(73)] ReadMemory at 0x25ae90c4740 of 132 bytes failed: Запрос ReadProcessMemory или WriteProcessMemory был выполнен только частично. (0x12B)
[0824/094822.536:ERROR:process_memory_win.cc(73)] ReadMemory at 0x25ae90c4870 of 132 bytes failed: Запрос ReadProcessMemory или WriteProcessMemory был выполнен только частично. (0x12B)
[0824/094822.536:ERROR:process_memory_win.cc(73)] ReadMemory at 0x25ae90c49a0 of 132 bytes failed: Запрос ReadProcessMemory или WriteProcessMemory был выполнен только частично. (0x12B)
[0824/094822.536:ERROR:process_memory_win.cc(73)] ReadMemory at 0x25ae90c4ad0 of 132 bytes failed: Запрос ReadProcessMemory или WriteProcessMemory был выполнен только частично. (0x12B)
[0824/094822.536:ERROR:process_memory_win.cc(73)] ReadMemory at 0x25ae90c4d30 of 132 bytes failed: Запрос ReadProcessMemory или WriteProcessMemory был выполнен только частично. (0x12B)
[0824/094822.536:ERROR:process_memory_win.cc(73)] ReadMemory at 0x25ae90c4e60 of 132 bytes failed: Запрос ReadProcessMemory или WriteProcessMemory был выполнен только частично. (0x12B)
[0824/094822.536:ERROR:process_memory_win.cc(73)] ReadMemory at 0x25ae90c4f90 of 132 bytes failed: Запрос ReadProcessMemory или WriteProcessMemory был выполнен только частично. (0x12B)
[0824/094822.536:ERROR:process_memory_win.cc(73)] ReadMemory at 0x25ae90c50c0 of 132 bytes failed: Запрос ReadProcessMemory или WriteProcessMemory был выполнен только частично. (0x12B)
[0824/094822.536:ERROR:process_memory_win.cc(73)] ReadMemory at 0x25ae90c51f0 of 132 bytes failed: Запрос ReadProcessMemory или WriteProcessMemory был выполнен только частично. (0x12B)
[0824/094822.536:ERROR:process_memory_win.cc(73)] ReadMemory at 0x25ae90c5320 of 132 bytes failed: Запрос ReadProcessMemory или WriteProcessMemory был выполнен только частично. (0x12B)
[0824/094822.536:ERROR:process_memory_win.cc(73)] ReadMemory at 0x25ae90c5450 of 132 bytes failed: Запрос ReadProcessMemory или WriteProcessMemory был выполнен только частично. (0x12B)
[0824/094822.536:ERROR:process_memory_win.cc(73)] ReadMemory at 0x25ae90c5580 of 132 bytes failed: Запрос ReadProcessMemory или WriteProcessMemory был выполнен только частично. (0x12B)
[0824/094822.540:ERROR:process_memory_win.cc(73)] ReadMemory at 0x25ae90c56b0 of 132 bytes failed: Запрос ReadProcessMemory или WriteProcessMemory был выполнен только частично. (0x12B)
[0824/094822.540:ERROR:process_memory_win.cc(73)] ReadMemory at 0x25ae90c57e0 of 132 bytes failed: Запрос ReadProcessMemory или WriteProcessMemory был выполнен только частично. (0x12B)
[0824/094822.540:ERROR:process_memory_win.cc(73)] ReadMemory at 0x25ae90c5910 of 132 bytes failed: Запрос ReadProcessMemory или WriteProcessMemory был выполнен только частично. (0x12B)
[0824/094822.540:ERROR:process_memory_win.cc(73)] ReadMemory at 0x25ae90c5a40 of 132 bytes failed: Запрос ReadProcessMemory или WriteProcessMemory был выполнен только частично. (0x12B)
[0824/094822.540:ERROR:process_memory_win.cc(73)] ReadMemory at 0x25ae90c5b70 of 132 bytes failed: Запрос ReadProcessMemory или WriteProcessMemory был выполнен только частично. (0x12B)
[0824/094822.540:ERROR:process_memory_win.cc(73)] ReadMemory at 0x25ae90c5ca0 of 132 bytes failed: Запрос ReadProcessMemory или WriteProcessMemory был выполнен только частично. (0x12B)
[0824/094822.540:ERROR:process_memory_win.cc(73)] ReadMemory at 0x25ae90ce710 of 60 bytes failed: Запрос ReadProcessMemory или WriteProcessMemory был выполнен только частично. (0x12B)
[0824/094822.540:ERROR:process_memory_win.cc(73)] ReadMemory at 0x25ae90ceb70 of 62 bytes failed: Запрос ReadProcessMemory или WriteProcessMemory был выполнен только частично. (0x12B)
[0824/094822.540:ERROR:process_memory_win.cc(73)] ReadMemory at 0x25ae90cebc0 of 58 bytes failed: Запрос ReadProcessMemory или WriteProcessMemory был выполнен только частично. (0x12B)
[0824/094822.540:ERROR:process_memory_win.cc(73)] ReadMemory at 0x25ae90cec10 of 58 bytes failed: Запрос ReadProcessMemory или WriteProcessMemory был выполнен только частично. (0x12B)
[0824/094822.540:ERROR:process_memory_win.cc(73)] ReadMemory at 0x25ae90cee40 of 66 bytes failed: Запрос ReadProcessMemory или WriteProcessMemory был выполнен только частично. (0x12B)
[0824/094822.540:ERROR:process_memory_win.cc(73)] ReadMemory at 0x25ae90cefd0 of 60 bytes failed: Запрос ReadProcessMemory или WriteProcessMemory был выполнен только частично. (0x12B)
[0824/094822.540:ERROR:process_memory_win.cc(73)] ReadMemory at 0x25ae90cf250 of 58 bytes failed: Запрос ReadProcessMemory или WriteProcessMemory был выполнен только частично. (0x12B)
[0824/094822.540:ERROR:process_memory_win.cc(73)] ReadMemory at 0x25ae90cf340 of 60 bytes failed: Запрос ReadProcessMemory или WriteProcessMemory был выполнен только частично. (0x12B)
[0824/094822.540:ERROR:process_memory_win.cc(73)] ReadMemory at 0x25ae90decd0 of 78 bytes failed: Запрос ReadProcessMemory или WriteProcessMemory был выполнен только частично. (0x12B)
[0824/094822.540:ERROR:process_memory_win.cc(73)] ReadMemory at 0x25ae90eb6e0 of 56 bytes failed: Запрос ReadProcessMemory или WriteProcessMemory был выполнен только частично. (0x12B)
[0824/094822.540:ERROR:process_memory_win.cc(73)] ReadMemory at 0x25ae90ebc30 of 66 bytes failed: Запрос ReadProcessMemory или WriteProcessMemory был выполнен только частично. (0x12B)
[0824/094822.540:ERROR:process_memory_win.cc(73)] ReadMemory at 0x25ae90ec450 of 62 bytes failed: Запрос ReadProcessMemory или WriteProcessMemory был выполнен только частично. (0x12B)
[0824/094822.540:ERROR:process_memory_win.cc(73)] ReadMemory at 0x25ae90ec4f0 of 60 bytes failed: Запрос ReadProcessMemory или WriteProcessMemory был выполнен только частично. (0x12B)
[0824/094822.540:ERROR:process_memory_win.cc(73)] ReadMemory at 0x25ae914f530 of 512 bytes failed: Запрос ReadProcessMemory или WriteProcessMemory был выполнен только частично. (0x12B)
[0824/094822.540:ERROR:process_memory_win.cc(73)] ReadMemory at 0x25ae9153f80 of 512 bytes failed: Запрос ReadProcessMemory или WriteProcessMemory был выполнен только частично. (0x12B)
[0824/094822.540:ERROR:process_memory_win.cc(73)] ReadMemory at 0x25ae91690c0 of 54 bytes failed: Запрос ReadProcessMemory или WriteProcessMemory был выполнен только частично. (0x12B)
[0824/094822.540:ERROR:process_memory_win.cc(73)] ReadMemory at 0x25ae9170940 of 60 bytes failed: Запрос ReadProcessMemory или WriteProcessMemory был выполнен только частично. (0x12B)
[0824/094822.540:ERROR:process_memory_win.cc(73)] ReadMemory at 0x25ae9170a30 of 60 bytes failed: Запрос ReadProcessMemory или WriteProcessMemory был выполнен только частично. (0x12B)
[0824/094822.540:ERROR:process_memory_win.cc(73)] ReadMemory at 0x25ae9170f80 of 66 bytes failed: Запрос ReadProcessMemory или WriteProcessMemory был выполнен только частично. (0x12B)
[0824/094822.540:ERROR:process_memory_win.cc(73)] ReadMemory at 0x25ae917c340 of 512 bytes failed: Запрос ReadProcessMemory или WriteProcessMemory был выполнен только частично. (0x12B)
[0824/094822.540:ERROR:process_memory_win.cc(73)] ReadMemory at 0x25ae917c6c0 of 512 bytes failed: Запрос ReadProcessMemory или WriteProcessMemory был выполнен только частично. (0x12B)
[0824/094822.540:ERROR:process_memory_win.cc(73)] ReadMemory at 0x25ae9180960 of 62 bytes failed: Запрос ReadProcessMemory или WriteProcessMemory был выполнен только частично. (0x12B)
[0824/094822.540:ERROR:process_memory_win.cc(73)] ReadMemory at 0x25ae91919e0 of 62 bytes failed: Запрос ReadProcessMemory или WriteProcessMemory был выполнен только частично. (0x12B)
[0824/094822.540:ERROR:process_memory_win.cc(73)] ReadMemory at 0x25ae9191ad0 of 62 bytes failed: Запрос ReadProcessMemory или WriteProcessMemory был выполнен только частично. (0x12B)
[0824/094822.544:ERROR:process_memory_win.cc(73)] ReadMemory at 0x25aec0b0600 of 132 bytes failed: Запрос ReadProcessMemory или WriteProcessMemory был выполнен только частично. (0x12B)
[0824/094822.544:ERROR:process_memory_win.cc(73)] ReadMemory at 0x25aec0b0730 of 132 bytes failed: Запрос ReadProcessMemory или WriteProcessMemory был выполнен только частично. (0x12B)
[0824/094822.544:ERROR:process_memory_win.cc(73)] ReadMemory at 0x25aec0b0990 of 132 bytes failed: Запрос ReadProcessMemory или WriteProcessMemory был выполнен только частично. (0x12B)
[0824/094822.544:ERROR:process_memory_win.cc(73)] ReadMemory at 0x25aec0b0ac0 of 132 bytes failed: Запрос ReadProcessMemory или WriteProcessMemory был выполнен только частично. (0x12B)
[0824/094822.544:ERROR:process_memory_win.cc(73)] ReadMemory at 0x25aec0b0d20 of 132 bytes failed: Запрос ReadProcessMemory или WriteProcessMemory был выполнен только частично. (0x12B)
[0824/094822.544:ERROR:process_memory_win.cc(73)] ReadMemory at 0x25aec0b17d0 of 132 bytes failed: Запрос ReadProcessMemory или WriteProcessMemory был выполнен только частично. (0x12B)
[0824/094822.544:ERROR:process_memory_win.cc(73)] ReadMemory at 0x25aec0b1900 of 132 bytes failed: Запрос ReadProcessMemory или WriteProcessMemory был выполнен только частично. (0x12B)
[0824/094822.544:ERROR:process_memory_win.cc(73)] ReadMemory at 0x25aec0b2020 of 132 bytes failed: Запрос ReadProcessMemory или WriteProcessMemory был выполнен только частично. (0x12B)
[0824/094822.544:ERROR:process_memory_win.cc(73)] ReadMemory at 0x25aec0b2150 of 132 bytes failed: Запрос ReadProcessMemory или WriteProcessMemory был выполнен только частично. (0x12B)
[0824/094822.544:ERROR:process_memory_win.cc(73)] ReadMemory at 0x25aec0bfec0 of 512 bytes failed: Запрос ReadProcessMemory или WriteProcessMemory был выполнен только частично. (0x12B)
[0824/094822.544:ERROR:process_memory_win.cc(73)] ReadMemory at 0x25aec0c0240 of 512 bytes failed: Запрос ReadProcessMemory или WriteProcessMemory был выполнен только частично. (0x12B)
[0824/094822.544:ERROR:process_memory_win.cc(73)] ReadMemory at 0x25aec0c8c80 of 64 bytes failed: Запрос ReadProcessMemory или WriteProcessMemory был выполнен только частично. (0x12B)
[0824/094822.544:ERROR:process_memory_win.cc(73)] ReadMemory at 0x25aec0e8b40 of 512 bytes failed: Запрос ReadProcessMemory или WriteProcessMemory был выполнен только частично. (0x12B)
[0824/094822.544:ERROR:process_memory_win.cc(73)] ReadMemory at 0x25aec0e8ec0 of 512 bytes failed: Запрос ReadProcessMemory или WriteProcessMemory был выполнен только частично. (0x12B)
[0824/094822.544:ERROR:process_memory_win.cc(73)] ReadMemory at 0x25aec0fabc0 of 512 bytes failed: Запрос ReadProcessMemory или WriteProcessMemory был выполнен только частично. (0x12B)
[0824/094822.544:ERROR:process_memory_win.cc(73)] ReadMemory at 0x25aec124fb0 of 60 bytes failed: Запрос ReadProcessMemory или WriteProcessMemory был выполнен только частично. (0x12B)
[0824/094822.544:ERROR:process_memory_win.cc(73)] ReadMemory at 0x25aec125780 of 64 bytes failed: Запрос ReadProcessMemory или WriteProcessMemory был выполнен только частично. (0x12B)
[0824/094822.544:ERROR:process_memory_win.cc(73)] ReadMemory at 0x25aec125f00 of 60 bytes failed: Запрос ReadProcessMemory или WriteProcessMemory был выполнен только частично. (0x12B)
[0824/094822.544:ERROR:process_memory_win.cc(73)] ReadMemory at 0x25aec1269a0 of 62 bytes failed: Запрос ReadProcessMemory или WriteProcessMemory был выполнен только частично. (0x12B)
[0824/094822.544:ERROR:process_memory_win.cc(73)] ReadMemory at 0x25aec127350 of 58 bytes failed: Запрос ReadProcessMemory или WriteProcessMemory был выполнен только частично. (0x12B)
[0824/094822.544:ERROR:process_memory_win.cc(73)] ReadMemory at 0x25aec2432b0 of 132 bytes failed: Запрос ReadProcessMemory или WriteProcessMemory был выполнен только частично. (0x12B)
[0824/094822.544:ERROR:process_memory_win.cc(73)] ReadMemory at 0x25aec244350 of 132 bytes failed: Запрос ReadProcessMemory или WriteProcessMemory был выполнен только частично. (0x12B)
[0824/094822.544:ERROR:process_memory_win.cc(73)] ReadMemory at 0x25aec264800 of 512 bytes failed: Запрос ReadProcessMemory или WriteProcessMemory был выполнен только частично. (0x12B)
[0824/094822.544:ERROR:process_memory_win.cc(73)] ReadMemory at 0x25aec2653b0 of 64 bytes failed: Запрос ReadProcessMemory или WriteProcessMemory был выполнен только частично. (0x12B)
[0824/094822.544:ERROR:process_memory_win.cc(73)] ReadMemory at 0x25aec6bd340 of 512 bytes failed: Запрос ReadProcessMemory или WriteProcessMemory был выполнен только частично. (0x12B)
[0824/094822.544:ERROR:process_memory_win.cc(73)] ReadMemory at 0x25aec6fcd70 of 512 bytes failed: Запрос ReadProcessMemory или WriteProcessMemory был выполнен только частично. (0x12B)
[0824/094822.544:ERROR:process_memory_win.cc(73)] ReadMemory at 0x25aec77b610 of 512 bytes failed: Запрос ReadProcessMemory или WriteProcessMemory был выполнен только частично. (0x12B)
[0824/094822.544:ERROR:process_memory_win.cc(73)] ReadMemory at 0x7ff839e90000 of 384 bytes failed: Запрос ReadProcessMemory или WriteProcessMemory был выполнен только частично. (0x12B)
[0824/094822.544:ERROR:process_memory_win.cc(73)] ReadMemory at 0x7ff83c64ddce of 512 bytes failed: Запрос ReadProcessMemory или WriteProcessMemory был выполнен только частично. (0x12B)
[0824/094822.544:ERROR:process_memory_win.cc(73)] ReadMemory at 0x7ff83c69974c of 512 bytes failed: Запрос ReadProcessMemory или WriteProcessMemory был выполнен только частично. (0x12B)
[0824/094822.544:ERROR:process_memory_win.cc(73)] ReadMemory at 0x7ff840d18978 of 512 bytes failed: Запрос ReadProcessMemory или WriteProcessMemory был выполнен только частично. (0x12B)
[0824/094822.544:ERROR:process_memory_win.cc(73)] ReadMemory at 0x7ff841979f78 of 512 bytes failed: Запрос ReadProcessMemory или WriteProcessMemory был выполнен только частично. (0x12B)
[0824/094822.544:ERROR:process_memory_win.cc(73)] ReadMemory at 0x7ff89a830000 of 384 bytes failed: Запрос ReadProcessMemory или WriteProcessMemory был выполнен только частично. (0x12B)
[0824/094822.544:ERROR:process_memory_win.cc(73)] ReadMemory at 0x7ff89b8dc738 of 512 bytes failed: Запрос ReadProcessMemory или WriteProcessMemory был выполнен только частично. (0x12B)
[0824/094822.544:ERROR:process_memory_win.cc(73)] ReadMemory at 0x7ff89da4bdc4 of 672 bytes failed: Запрос ReadProcessMemory или WriteProcessMemory был выполнен только частично. (0x12B)
[0824/094822.548:ERROR:process_memory_win.cc(73)] ReadMemory at 0x7ff89da4c3c4 of 512 bytes failed: Запрос ReadProcessMemory или WriteProcessMemory был выполнен только частично. (0x12B)
[0824/094822.548:ERROR:process_memory_win.cc(73)] ReadMemory at 0x7ff89da4c894 of 512 bytes failed: Запрос ReadProcessMemory или WriteProcessMemory был выполнен только частично. (0x12B)
[0824/094822.548:ERROR:process_memory_win.cc(73)] ReadMemory at 0x7ff89da4f794 of 512 bytes failed: Запрос ReadProcessMemory или WriteProcessMemory был выполнен только частично. (0x12B)
[0824/094822.548:ERROR:process_memory_win.cc(73)] ReadMemory at 0x7ff89dae06e0 of 18 bytes failed: Запрос ReadProcessMemory или WriteProcessMemory был выполнен только частично. (0x12B)
[0824/094822.548:ERROR:process_memory_win.cc(73)] ReadMemory at 0x7ff89db144f8 of 40 bytes failed: Запрос ReadProcessMemory или WriteProcessMemory был выполнен только частично. (0x12B)
[0824/094822.548:ERROR:process_memory_win.cc(73)] ReadMemory at 0x7ff89db14978 of 48 bytes failed: Запрос ReadProcessMemory или WriteProcessMemory был выполнен только частично. (0x12B)
[0824/094822.548:ERROR:process_memory_win.cc(73)] ReadMemory at 0x7ff89db1a4c0 of 64 bytes failed: Запрос ReadProcessMemory или WriteProcessMemory был выполнен только частично. (0x12B)
[0824/094822.556:ERROR:scoped_process_suspend.cc(40)] NtResumeProcess: Попытка доступа к процессу, выполняющему процедуру завершения. (0xc000010a)
